{"/Users/benhemson-struthers/Documents/Code/QuRe/QuRe_v8/QuRe/eslint.config.js": {"path":"/Users/benhemson-struthers/Documents/Code/QuRe/QuRe_v8/QuRe/eslint.config.js","statementMap":{"0":{"start":{"line":2,"column":25},"end":{"line":2,"column":49}},"1":{"start":{"line":3,"column":19},"end":{"line":3,"column":53}},"2":{"start":{"line":5,"column":0},"end":{"line":10,"column":3}}},"fnMap":{},"branchMap":{},"s":{"0":0,"1":0,"2":0},"f":{},"b":{}}
,"/Users/benhemson-struthers/Documents/Code/QuRe/QuRe_v8/QuRe/expo-env.d.ts": {"path":"/Users/benhemson-struthers/Documents/Code/QuRe/QuRe_v8/QuRe/expo-env.d.ts","statementMap":{},"fnMap":{},"branchMap":{},"s":{},"f":{},"b":{}}
,"/Users/benhemson-struthers/Documents/Code/QuRe/QuRe_v8/QuRe/app/_layout.tsx": {"path":"/Users/benhemson-struthers/Documents/Code/QuRe/QuRe_v8/QuRe/app/_layout.tsx","statementMap":{"0":{"start":{"line":4,"column":2},"end":{"line":4,"column":19}}},"fnMap":{"0":{"name":"RootLayout","decl":{"start":{"line":3,"column":24},"end":{"line":3,"column":34}},"loc":{"start":{"line":3,"column":37},"end":{"line":5,"column":1}},"line":3}},"branchMap":{},"s":{"0":0},"f":{"0":0},"b":{}}
,"/Users/benhemson-struthers/Documents/Code/QuRe/QuRe_v8/QuRe/app/index.tsx": {"path":"/Users/benhemson-struthers/Documents/Code/QuRe/QuRe_v8/QuRe/app/index.tsx","statementMap":{"0":{"start":{"line":4,"column":2},"end":{"line":14,"column":4}}},"fnMap":{"0":{"name":"Index","decl":{"start":{"line":3,"column":24},"end":{"line":3,"column":29}},"loc":{"start":{"line":3,"column":32},"end":{"line":15,"column":1}},"line":3}},"branchMap":{},"s":{"0":0},"f":{"0":0},"b":{}}
,"/Users/benhemson-struthers/Documents/Code/QuRe/QuRe_v8/QuRe/app/(tabs)/_layout.tsx": {"path":"/Users/benhemson-struthers/Documents/Code/QuRe/QuRe_v8/QuRe/app/(tabs)/_layout.tsx","statementMap":{"0":{"start":{"line":12,"column":0},"end":{"line":12,"column":36}},"1":{"start":{"line":15,"column":31},"end":{"line":17,"column":4}},"2":{"start":{"line":20,"column":2},"end":{"line":22,"column":14}},"3":{"start":{"line":21,"column":4},"end":{"line":21,"column":27}},"4":{"start":{"line":21,"column":15},"end":{"line":21,"column":27}},"5":{"start":{"line":24,"column":2},"end":{"line":28,"column":20}},"6":{"start":{"line":25,"column":4},"end":{"line":27,"column":5}},"7":{"start":{"line":26,"column":6},"end":{"line":26,"column":31}},"8":{"start":{"line":30,"column":2},"end":{"line":32,"column":3}},"9":{"start":{"line":31,"column":4},"end":{"line":31,"column":16}},"10":{"start":{"line":34,"column":2},"end":{"line":45,"column":4}}},"fnMap":{"0":{"name":"RootLayout","decl":{"start":{"line":14,"column":24},"end":{"line":14,"column":34}},"loc":{"start":{"line":14,"column":37},"end":{"line":46,"column":1}},"line":14},"1":{"name":"(anonymous_1)","decl":{"start":{"line":20,"column":12},"end":{"line":20,"column":13}},"loc":{"start":{"line":20,"column":18},"end":{"line":22,"column":3}},"line":20},"2":{"name":"(anonymous_2)","decl":{"start":{"line":24,"column":12},"end":{"line":24,"column":13}},"loc":{"start":{"line":24,"column":18},"end":{"line":28,"column":3}},"line":24}},"branchMap":{"0":{"loc":{"start":{"line":21,"column":4},"end":{"line":21,"column":27}},"type":"if","locations":[{"start":{"line":21,"column":4},"end":{"line":21,"column":27}},{"start":{},"end":{}}],"line":21},"1":{"loc":{"start":{"line":25,"column":4},"end":{"line":27,"column":5}},"type":"if","locations":[{"start":{"line":25,"column":4},"end":{"line":27,"column":5}},{"start":{},"end":{}}],"line":25},"2":{"loc":{"start":{"line":30,"column":2},"end":{"line":32,"column":3}},"type":"if","locations":[{"start":{"line":30,"column":2},"end":{"line":32,"column":3}},{"start":{},"end":{}}],"line":30}},"s":{"0":0,"1":0,"2":0,"3":0,"4":0,"5":0,"6":0,"7":0,"8":0,"9":0,"10":0},"f":{"0":0,"1":0,"2":0},"b":{"0":[0,0],"1":[0,0],"2":[0,0]}}
,"/Users/benhemson-struthers/Documents/Code/QuRe/QuRe_v8/QuRe/app/(tabs)/history.tsx": {"path":"/Users/benhemson-struthers/Documents/Code/QuRe/QuRe_v8/QuRe/app/(tabs)/history.tsx","statementMap":{"0":{"start":{"line":30,"column":6},"end":{"line":30,"column":31}},"1":{"start":{"line":32,"column":42},"end":{"line":32,"column":71}},"2":{"start":{"line":33,"column":38},"end":{"line":33,"column":53}},"3":{"start":{"line":36,"column":25},"end":{"line":53,"column":17}},"4":{"start":{"line":37,"column":46},"end":{"line":37,"column":48}},"5":{"start":{"line":39,"column":4},"end":{"line":45,"column":7}},"6":{"start":{"line":40,"column":19},"end":{"line":40,"column":47}},"7":{"start":{"line":41,"column":6},"end":{"line":43,"column":7}},"8":{"start":{"line":42,"column":8},"end":{"line":42,"column":27}},"9":{"start":{"line":44,"column":6},"end":{"line":44,"column":33}},"10":{"start":{"line":47,"column":4},"end":{"line":52,"column":10}},"11":{"start":{"line":48,"column":22},"end":{"line":48,"column":73}},"12":{"start":{"line":49,"column":31},"end":{"line":52,"column":7}},"13":{"start":{"line":51,"column":36},"end":{"line":51,"column":61}},"14":{"start":{"line":55,"column":2},"end":{"line":59,"column":37}},"15":{"start":{"line":56,"column":4},"end":{"line":58,"column":5}},"16":{"start":{"line":57,"column":6},"end":{"line":57,"column":46}},"17":{"start":{"line":61,"column":24},"end":{"line":65,"column":3}},"18":{"start":{"line":62,"column":4},"end":{"line":62,"column":24}},"19":{"start":{"line":63,"column":4},"end":{"line":63,"column":27}},"20":{"start":{"line":64,"column":4},"end":{"line":64,"column":25}},"21":{"start":{"line":67,"column":23},"end":{"line":73,"column":3}},"22":{"start":{"line":68,"column":4},"end":{"line":68,"column":59}},"23":{"start":{"line":69,"column":4},"end":{"line":72,"column":7}},"24":{"start":{"line":75,"column":25},"end":{"line":99,"column":3}},"25":{"start":{"line":76,"column":4},"end":{"line":98,"column":6}},"26":{"start":{"line":88,"column":12},"end":{"line":94,"column":13}},"27":{"start":{"line":89,"column":14},"end":{"line":89,"column":70}},"28":{"start":{"line":90,"column":14},"end":{"line":90,"column":37}},"29":{"start":{"line":92,"column":14},"end":{"line":92,"column":62}},"30":{"start":{"line":93,"column":14},"end":{"line":93,"column":63}},"31":{"start":{"line":101,"column":26},"end":{"line":136,"column":3}},"32":{"start":{"line":102,"column":4},"end":{"line":135,"column":6}},"33":{"start":{"line":113,"column":12},"end":{"line":119,"column":13}},"34":{"start":{"line":114,"column":14},"end":{"line":114,"column":69}},"35":{"start":{"line":115,"column":14},"end":{"line":115,"column":50}},"36":{"start":{"line":117,"column":14},"end":{"line":117,"column":67}},"37":{"start":{"line":118,"column":14},"end":{"line":118,"column":68}},"38":{"start":{"line":125,"column":12},"end":{"line":131,"column":13}},"39":{"start":{"line":126,"column":14},"end":{"line":126,"column":69}},"40":{"start":{"line":127,"column":14},"end":{"line":127,"column":52}},"41":{"start":{"line":129,"column":14},"end":{"line":129,"column":69}},"42":{"start":{"line":130,"column":14},"end":{"line":130,"column":70}},"43":{"start":{"line":138,"column":29},"end":{"line":169,"column":3}},"44":{"start":{"line":139,"column":4},"end":{"line":168,"column":6}},"45":{"start":{"line":143,"column":34},"end":{"line":143,"column":43}},"46":{"start":{"line":147,"column":12},"end":{"line":163,"column":31}},"47":{"start":{"line":152,"column":29},"end":{"line":152,"column":55}},"48":{"start":{"line":171,"column":27},"end":{"line":187,"column":3}},"49":{"start":{"line":172,"column":4},"end":{"line":186,"column":6}},"50":{"start":{"line":181,"column":25},"end":{"line":181,"column":56}},"51":{"start":{"line":189,"column":27},"end":{"line":241,"column":3}},"52":{"start":{"line":190,"column":22},"end":{"line":190,"column":51}},"53":{"start":{"line":191,"column":24},"end":{"line":191,"column":55}},"54":{"start":{"line":193,"column":4},"end":{"line":240,"column":6}},"55":{"start":{"line":220,"column":27},"end":{"line":220,"column":48}},"56":{"start":{"line":227,"column":27},"end":{"line":227,"column":51}},"57":{"start":{"line":234,"column":27},"end":{"line":234,"column":50}},"58":{"start":{"line":243,"column":30},"end":{"line":245,"column":8}},"59":{"start":{"line":244,"column":37},"end":{"line":244,"column":64}},"60":{"start":{"line":247,"column":2},"end":{"line":282,"column":4}},"61":{"start":{"line":259,"column":36},"end":{"line":259,"column":43}},"62":{"start":{"line":277,"column":23},"end":{"line":277,"column":54}},"63":{"start":{"line":285,"column":15},"end":{"line":431,"column":2}}},"fnMap":{"0":{"name":"HistoryScreen","decl":{"start":{"line":21,"column":24},"end":{"line":21,"column":37}},"loc":{"start":{"line":21,"column":40},"end":{"line":283,"column":1}},"line":21},"1":{"name":"(anonymous_1)","decl":{"start":{"line":36,"column":39},"end":{"line":36,"column":40}},"loc":{"start":{"line":36,"column":45},"end":{"line":53,"column":3}},"line":36},"2":{"name":"(anonymous_2)","decl":{"start":{"line":39,"column":22},"end":{"line":39,"column":23}},"loc":{"start":{"line":39,"column":32},"end":{"line":45,"column":5}},"line":39},"3":{"name":"(anonymous_3)","decl":{"start":{"line":48,"column":12},"end":{"line":48,"column":13}},"loc":{"start":{"line":48,"column":22},"end":{"line":48,"column":73}},"line":48},"4":{"name":"(anonymous_4)","decl":{"start":{"line":49,"column":11},"end":{"line":49,"column":12}},"loc":{"start":{"line":49,"column":31},"end":{"line":52,"column":7}},"line":49},"5":{"name":"(anonymous_5)","decl":{"start":{"line":51,"column":26},"end":{"line":51,"column":27}},"loc":{"start":{"line":51,"column":36},"end":{"line":51,"column":61}},"line":51},"6":{"name":"(anonymous_6)","decl":{"start":{"line":55,"column":12},"end":{"line":55,"column":13}},"loc":{"start":{"line":55,"column":18},"end":{"line":59,"column":3}},"line":55},"7":{"name":"(anonymous_7)","decl":{"start":{"line":61,"column":24},"end":{"line":61,"column":25}},"loc":{"start":{"line":61,"column":36},"end":{"line":65,"column":3}},"line":61},"8":{"name":"(anonymous_8)","decl":{"start":{"line":67,"column":23},"end":{"line":67,"column":24}},"loc":{"start":{"line":67,"column":39},"end":{"line":73,"column":3}},"line":67},"9":{"name":"(anonymous_9)","decl":{"start":{"line":75,"column":25},"end":{"line":75,"column":26}},"loc":{"start":{"line":75,"column":41},"end":{"line":99,"column":3}},"line":75},"10":{"name":"(anonymous_10)","decl":{"start":{"line":87,"column":19},"end":{"line":87,"column":20}},"loc":{"start":{"line":87,"column":31},"end":{"line":95,"column":11}},"line":87},"11":{"name":"(anonymous_11)","decl":{"start":{"line":101,"column":26},"end":{"line":101,"column":27}},"loc":{"start":{"line":101,"column":42},"end":{"line":136,"column":3}},"line":101},"12":{"name":"(anonymous_12)","decl":{"start":{"line":112,"column":19},"end":{"line":112,"column":20}},"loc":{"start":{"line":112,"column":31},"end":{"line":120,"column":11}},"line":112},"13":{"name":"(anonymous_13)","decl":{"start":{"line":124,"column":19},"end":{"line":124,"column":20}},"loc":{"start":{"line":124,"column":31},"end":{"line":132,"column":11}},"line":124},"14":{"name":"(anonymous_14)","decl":{"start":{"line":138,"column":29},"end":{"line":138,"column":30}},"loc":{"start":{"line":138,"column":35},"end":{"line":169,"column":3}},"line":138},"15":{"name":"(anonymous_15)","decl":{"start":{"line":143,"column":24},"end":{"line":143,"column":25}},"loc":{"start":{"line":143,"column":34},"end":{"line":143,"column":43}},"line":143},"16":{"name":"(anonymous_16)","decl":{"start":{"line":146,"column":22},"end":{"line":146,"column":23}},"loc":{"start":{"line":147,"column":12},"end":{"line":163,"column":31}},"line":147},"17":{"name":"(anonymous_17)","decl":{"start":{"line":152,"column":23},"end":{"line":152,"column":24}},"loc":{"start":{"line":152,"column":29},"end":{"line":152,"column":55}},"line":152},"18":{"name":"(anonymous_18)","decl":{"start":{"line":171,"column":27},"end":{"line":171,"column":28}},"loc":{"start":{"line":171,"column":33},"end":{"line":187,"column":3}},"line":171},"19":{"name":"(anonymous_19)","decl":{"start":{"line":181,"column":19},"end":{"line":181,"column":20}},"loc":{"start":{"line":181,"column":25},"end":{"line":181,"column":56}},"line":181},"20":{"name":"(anonymous_20)","decl":{"start":{"line":189,"column":27},"end":{"line":189,"column":28}},"loc":{"start":{"line":189,"column":59},"end":{"line":241,"column":3}},"line":189},"21":{"name":"(anonymous_21)","decl":{"start":{"line":220,"column":21},"end":{"line":220,"column":22}},"loc":{"start":{"line":220,"column":27},"end":{"line":220,"column":48}},"line":220},"22":{"name":"(anonymous_22)","decl":{"start":{"line":227,"column":21},"end":{"line":227,"column":22}},"loc":{"start":{"line":227,"column":27},"end":{"line":227,"column":51}},"line":227},"23":{"name":"(anonymous_23)","decl":{"start":{"line":234,"column":21},"end":{"line":234,"column":22}},"loc":{"start":{"line":234,"column":27},"end":{"line":234,"column":50}},"line":234},"24":{"name":"(anonymous_24)","decl":{"start":{"line":244,"column":26},"end":{"line":244,"column":27}},"loc":{"start":{"line":244,"column":37},"end":{"line":244,"column":64}},"line":244},"25":{"name":"(anonymous_25)","decl":{"start":{"line":259,"column":26},"end":{"line":259,"column":27}},"loc":{"start":{"line":259,"column":36},"end":{"line":259,"column":43}},"line":259},"26":{"name":"(anonymous_26)","decl":{"start":{"line":277,"column":17},"end":{"line":277,"column":18}},"loc":{"start":{"line":277,"column":23},"end":{"line":277,"column":54}},"line":277}},"branchMap":{"0":{"loc":{"start":{"line":41,"column":6},"end":{"line":43,"column":7}},"type":"if","locations":[{"start":{"line":41,"column":6},"end":{"line":43,"column":7}},{"start":{},"end":{}}],"line":41},"1":{"loc":{"start":{"line":56,"column":4},"end":{"line":58,"column":5}},"type":"if","locations":[{"start":{"line":56,"column":4},"end":{"line":58,"column":5}},{"start":{},"end":{}}],"line":56},"2":{"loc":{"start":{"line":56,"column":8},"end":{"line":56,"column":50}},"type":"binary-expr","locations":[{"start":{"line":56,"column":8},"end":{"line":56,"column":33}},{"start":{"line":56,"column":37},"end":{"line":56,"column":50}}],"line":56},"3":{"loc":{"start":{"line":150,"column":16},"end":{"line":150,"column":69}},"type":"binary-expr","locations":[{"start":{"line":150,"column":16},"end":{"line":150,"column":42}},{"start":{"line":150,"column":46},"end":{"line":150,"column":69}}],"line":150},"4":{"loc":{"start":{"line":157,"column":18},"end":{"line":157,"column":71}},"type":"binary-expr","locations":[{"start":{"line":157,"column":18},"end":{"line":157,"column":44}},{"start":{"line":157,"column":48},"end":{"line":157,"column":71}}],"line":157},"5":{"loc":{"start":{"line":208,"column":11},"end":{"line":214,"column":11}},"type":"binary-expr","locations":[{"start":{"line":208,"column":12},"end":{"line":208,"column":21}},{"start":{"line":208,"column":25},"end":{"line":208,"column":36}},{"start":{"line":209,"column":12},"end":{"line":213,"column":19}}],"line":208},"6":{"loc":{"start":{"line":211,"column":17},"end":{"line":211,"column":52}},"type":"cond-expr","locations":[{"start":{"line":211,"column":29},"end":{"line":211,"column":38}},{"start":{"line":211,"column":41},"end":{"line":211,"column":52}}],"line":211},"7":{"loc":{"start":{"line":243,"column":30},"end":{"line":245,"column":8}},"type":"cond-expr","locations":[{"start":{"line":244,"column":6},"end":{"line":244,"column":78}},{"start":{"line":245,"column":6},"end":{"line":245,"column":8}}],"line":243},"8":{"loc":{"start":{"line":244,"column":6},"end":{"line":244,"column":78}},"type":"binary-expr","locations":[{"start":{"line":244,"column":6},"end":{"line":244,"column":72}},{"start":{"line":244,"column":76},"end":{"line":244,"column":78}}],"line":244},"9":{"loc":{"start":{"line":249,"column":7},"end":{"line":273,"column":7}},"type":"cond-expr","locations":[{"start":{"line":250,"column":8},"end":{"line":252,"column":15}},{"start":{"line":254,"column":8},"end":{"line":272,"column":11}}],"line":249}},"s":{"0":0,"1":0,"2":0,"3":0,"4":0,"5":0,"6":0,"7":0,"8":0,"9":0,"10":0,"11":0,"12":0,"13":0,"14":0,"15":0,"16":0,"17":0,"18":0,"19":0,"20":0,"21":0,"22":0,"23":0,"24":0,"25":0,"26":0,"27":0,"28":0,"29":0,"30":0,"31":0,"32":0,"33":0,"34":0,"35":0,"36":0,"37":0,"38":0,"39":0,"40":0,"41":0,"42":0,"43":0,"44":0,"45":0,"46":0,"47":0,"48":0,"49":0,"50":0,"51":0,"52":0,"53":0,"54":0,"55":0,"56":0,"57":0,"58":0,"59":0,"60":0,"61":0,"62":0,"63":0},"f":{"0":0,"1":0,"2":0,"3":0,"4":0,"5":0,"6":0,"7":0,"8":0,"9":0,"10":0,"11":0,"12":0,"13":0,"14":0,"15":0,"16":0,"17":0,"18":0,"19":0,"20":0,"21":0,"22":0,"23":0,"24":0,"25":0,"26":0},"b":{"0":[0,0],"1":[0,0],"2":[0,0],"3":[0,0],"4":[0,0],"5":[0,0,0],"6":[0,0],"7":[0,0],"8":[0,0],"9":[0,0]}}
,"/Users/benhemson-struthers/Documents/Code/QuRe/QuRe_v8/QuRe/app/(tabs)/index.tsx": {"path":"/Users/benhemson-struthers/Documents/Code/QuRe/QuRe_v8/QuRe/app/(tabs)/index.tsx","statementMap":{"0":{"start":{"line":21,"column":6},"end":{"line":21,"column":31}},"1":{"start":{"line":23,"column":44},"end":{"line":23,"column":70}},"2":{"start":{"line":25,"column":2},"end":{"line":27,"column":23}},"3":{"start":{"line":26,"column":4},"end":{"line":26,"column":21}},"4":{"start":{"line":29,"column":25},"end":{"line":33,"column":3}},"5":{"start":{"line":30,"column":4},"end":{"line":30,"column":60}},"6":{"start":{"line":31,"column":4},"end":{"line":31,"column":20}},"7":{"start":{"line":32,"column":4},"end":{"line":32,"column":36}},"8":{"start":{"line":35,"column":23},"end":{"line":41,"column":3}},"9":{"start":{"line":36,"column":4},"end":{"line":36,"column":59}},"10":{"start":{"line":37,"column":4},"end":{"line":40,"column":7}},"11":{"start":{"line":43,"column":34},"end":{"line":46,"column":3}},"12":{"start":{"line":44,"column":4},"end":{"line":44,"column":59}},"13":{"start":{"line":45,"column":4},"end":{"line":45,"column":28}},"14":{"start":{"line":48,"column":2},"end":{"line":136,"column":4}},"15":{"start":{"line":73,"column":30},"end":{"line":73,"column":60}},"16":{"start":{"line":93,"column":32},"end":{"line":93,"column":64}},"17":{"start":{"line":115,"column":33},"end":{"line":115,"column":57}},"18":{"start":{"line":128,"column":43},"end":{"line":128,"column":66}},"19":{"start":{"line":139,"column":15},"end":{"line":248,"column":2}}},"fnMap":{"0":{"name":"HomeScreen","decl":{"start":{"line":13,"column":24},"end":{"line":13,"column":34}},"loc":{"start":{"line":13,"column":37},"end":{"line":137,"column":1}},"line":13},"1":{"name":"(anonymous_1)","decl":{"start":{"line":25,"column":12},"end":{"line":25,"column":13}},"loc":{"start":{"line":25,"column":18},"end":{"line":27,"column":3}},"line":25},"2":{"name":"(anonymous_2)","decl":{"start":{"line":29,"column":25},"end":{"line":29,"column":26}},"loc":{"start":{"line":29,"column":31},"end":{"line":33,"column":3}},"line":29},"3":{"name":"(anonymous_3)","decl":{"start":{"line":35,"column":23},"end":{"line":35,"column":24}},"loc":{"start":{"line":35,"column":39},"end":{"line":41,"column":3}},"line":35},"4":{"name":"(anonymous_4)","decl":{"start":{"line":43,"column":34},"end":{"line":43,"column":35}},"loc":{"start":{"line":43,"column":40},"end":{"line":46,"column":3}},"line":43},"5":{"name":"(anonymous_5)","decl":{"start":{"line":73,"column":24},"end":{"line":73,"column":25}},"loc":{"start":{"line":73,"column":30},"end":{"line":73,"column":60}},"line":73},"6":{"name":"(anonymous_6)","decl":{"start":{"line":93,"column":26},"end":{"line":93,"column":27}},"loc":{"start":{"line":93,"column":32},"end":{"line":93,"column":64}},"line":93},"7":{"name":"(anonymous_7)","decl":{"start":{"line":115,"column":27},"end":{"line":115,"column":28}},"loc":{"start":{"line":115,"column":33},"end":{"line":115,"column":57}},"line":115},"8":{"name":"(anonymous_8)","decl":{"start":{"line":128,"column":37},"end":{"line":128,"column":38}},"loc":{"start":{"line":128,"column":43},"end":{"line":128,"column":66}},"line":128}},"branchMap":{"0":{"loc":{"start":{"line":69,"column":13},"end":{"line":81,"column":13}},"type":"cond-expr","locations":[{"start":{"line":70,"column":14},"end":{"line":74,"column":16}},{"start":{"line":76,"column":14},"end":{"line":80,"column":16}}],"line":69},"1":{"loc":{"start":{"line":88,"column":13},"end":{"line":120,"column":13}},"type":"cond-expr","locations":[{"start":{"line":89,"column":14},"end":{"line":101,"column":15}},{"start":{"line":103,"column":14},"end":{"line":119,"column":21}}],"line":88},"2":{"loc":{"start":{"line":89,"column":14},"end":{"line":101,"column":15}},"type":"cond-expr","locations":[{"start":{"line":90,"column":16},"end":{"line":94,"column":18}},{"start":{"line":96,"column":16},"end":{"line":100,"column":18}}],"line":89}},"s":{"0":0,"1":0,"2":0,"3":0,"4":0,"5":0,"6":0,"7":0,"8":0,"9":0,"10":0,"11":0,"12":0,"13":0,"14":0,"15":0,"16":0,"17":0,"18":0,"19":0},"f":{"0":0,"1":0,"2":0,"3":0,"4":0,"5":0,"6":0,"7":0,"8":0},"b":{"0":[0,0],"1":[0,0],"2":[0,0]}}
,"/Users/benhemson-struthers/Documents/Code/QuRe/QuRe_v8/QuRe/app/(tabs)/settings.tsx": {"path":"/Users/benhemson-struthers/Documents/Code/QuRe/QuRe_v8/QuRe/app/(tabs)/settings.tsx","statementMap":{"0":{"start":{"line":20,"column":54},"end":{"line":20,"column":80}},"1":{"start":{"line":21,"column":22},"end":{"line":21,"column":38}},"2":{"start":{"line":22,"column":38},"end":{"line":22,"column":70}},"3":{"start":{"line":24,"column":31},"end":{"line":29,"column":3}},"4":{"start":{"line":25,"column":4},"end":{"line":25,"column":25}},"5":{"start":{"line":26,"column":27},"end":{"line":26,"column":51}},"6":{"start":{"line":27,"column":4},"end":{"line":27,"column":41}},"7":{"start":{"line":28,"column":4},"end":{"line":28,"column":59}},"8":{"start":{"line":31,"column":33},"end":{"line":59,"column":3}},"9":{"start":{"line":32,"column":4},"end":{"line":39,"column":5}},"10":{"start":{"line":33,"column":6},"end":{"line":37,"column":8}},"11":{"start":{"line":38,"column":6},"end":{"line":38,"column":13}},"12":{"start":{"line":42,"column":4},"end":{"line":58,"column":6}},"13":{"start":{"line":51,"column":31},"end":{"line":51,"column":68}},"14":{"start":{"line":52,"column":12},"end":{"line":52,"column":53}},"15":{"start":{"line":53,"column":12},"end":{"line":53,"column":80}},"16":{"start":{"line":54,"column":12},"end":{"line":54,"column":66}},"17":{"start":{"line":61,"column":33},"end":{"line":68,"column":3}},"18":{"start":{"line":63,"column":4},"end":{"line":67,"column":6}},"19":{"start":{"line":70,"column":27},"end":{"line":73,"column":3}},"20":{"start":{"line":71,"column":4},"end":{"line":71,"column":30}},"21":{"start":{"line":71,"column":20},"end":{"line":71,"column":30}},"22":{"start":{"line":72,"column":4},"end":{"line":72,"column":52}},"23":{"start":{"line":75,"column":2},"end":{"line":173,"column":4}},"24":{"start":{"line":176,"column":15},"end":{"line":297,"column":2}}},"fnMap":{"0":{"name":"SettingsScreen","decl":{"start":{"line":19,"column":24},"end":{"line":19,"column":38}},"loc":{"start":{"line":19,"column":41},"end":{"line":174,"column":1}},"line":19},"1":{"name":"(anonymous_1)","decl":{"start":{"line":24,"column":31},"end":{"line":24,"column":32}},"loc":{"start":{"line":24,"column":57},"end":{"line":29,"column":3}},"line":24},"2":{"name":"(anonymous_2)","decl":{"start":{"line":31,"column":33},"end":{"line":31,"column":34}},"loc":{"start":{"line":31,"column":39},"end":{"line":59,"column":3}},"line":31},"3":{"name":"(anonymous_3)","decl":{"start":{"line":49,"column":19},"end":{"line":49,"column":20}},"loc":{"start":{"line":49,"column":31},"end":{"line":55,"column":11}},"line":49},"4":{"name":"(anonymous_4)","decl":{"start":{"line":61,"column":33},"end":{"line":61,"column":34}},"loc":{"start":{"line":61,"column":39},"end":{"line":68,"column":3}},"line":61},"5":{"name":"(anonymous_5)","decl":{"start":{"line":70,"column":27},"end":{"line":70,"column":28}},"loc":{"start":{"line":70,"column":57},"end":{"line":73,"column":3}},"line":70}},"branchMap":{"0":{"loc":{"start":{"line":26,"column":27},"end":{"line":26,"column":51}},"type":"cond-expr","locations":[{"start":{"line":26,"column":35},"end":{"line":26,"column":41}},{"start":{"line":26,"column":44},"end":{"line":26,"column":51}}],"line":26},"1":{"loc":{"start":{"line":32,"column":4},"end":{"line":39,"column":5}},"type":"if","locations":[{"start":{"line":32,"column":4},"end":{"line":39,"column":5}},{"start":{},"end":{}}],"line":32},"2":{"loc":{"start":{"line":71,"column":4},"end":{"line":71,"column":30}},"type":"if","locations":[{"start":{"line":71,"column":4},"end":{"line":71,"column":30}},{"start":{},"end":{}}],"line":71},"3":{"loc":{"start":{"line":85,"column":11},"end":{"line":85,"column":60}},"type":"cond-expr","locations":[{"start":{"line":85,"column":23},"end":{"line":85,"column":37}},{"start":{"line":85,"column":40},"end":{"line":85,"column":60}}],"line":85},"4":{"loc":{"start":{"line":88,"column":11},"end":{"line":90,"column":76}},"type":"cond-expr","locations":[{"start":{"line":89,"column":14},"end":{"line":89,"column":81}},{"start":{"line":90,"column":14},"end":{"line":90,"column":76}}],"line":88},"5":{"loc":{"start":{"line":93,"column":9},"end":{"line":115,"column":9}},"type":"cond-expr","locations":[{"start":{"line":94,"column":10},"end":{"line":107,"column":17}},{"start":{"line":109,"column":10},"end":{"line":114,"column":29}}],"line":93}},"s":{"0":0,"1":0,"2":0,"3":0,"4":0,"5":0,"6":0,"7":0,"8":0,"9":0,"10":0,"11":0,"12":0,"13":0,"14":0,"15":0,"16":0,"17":0,"18":0,"19":0,"20":0,"21":0,"22":0,"23":0,"24":0},"f":{"0":0,"1":0,"2":0,"3":0,"4":0,"5":0},"b":{"0":[0,0],"1":[0,0],"2":[0,0],"3":[0,0],"4":[0,0],"5":[0,0]}}
,"/Users/benhemson-struthers/Documents/Code/QuRe/QuRe_v8/QuRe/app/modal/_layout.tsx": {"path":"/Users/benhemson-struthers/Documents/Code/QuRe/QuRe_v8/QuRe/app/modal/_layout.tsx","statementMap":{"0":{"start":{"line":7,"column":22},"end":{"line":7,"column":38}},"1":{"start":{"line":9,"column":2},"end":{"line":42,"column":4}}},"fnMap":{"0":{"name":"ModalLayout","decl":{"start":{"line":6,"column":24},"end":{"line":6,"column":35}},"loc":{"start":{"line":6,"column":38},"end":{"line":43,"column":1}},"line":6}},"branchMap":{"0":{"loc":{"start":{"line":13,"column":27},"end":{"line":13,"column":93}},"type":"cond-expr","locations":[{"start":{"line":13,"column":52},"end":{"line":13,"column":73}},{"start":{"line":13,"column":76},"end":{"line":13,"column":93}}],"line":13},"1":{"loc":{"start":{"line":15,"column":25},"end":{"line":15,"column":79}},"type":"cond-expr","locations":[{"start":{"line":15,"column":50},"end":{"line":15,"column":65}},{"start":{"line":15,"column":68},"end":{"line":15,"column":79}}],"line":15},"2":{"loc":{"start":{"line":23,"column":27},"end":{"line":23,"column":93}},"type":"cond-expr","locations":[{"start":{"line":23,"column":52},"end":{"line":23,"column":73}},{"start":{"line":23,"column":76},"end":{"line":23,"column":93}}],"line":23}},"s":{"0":0,"1":0},"f":{"0":0},"b":{"0":[0,0],"1":[0,0],"2":[0,0]}}
,"/Users/benhemson-struthers/Documents/Code/QuRe/QuRe_v8/QuRe/app/modal/create-qr.tsx": {"path":"/Users/benhemson-struthers/Documents/Code/QuRe/QuRe_v8/QuRe/app/modal/create-qr.tsx","statementMap":{"0":{"start":{"line":43,"column":6},"end":{"line":43,"column":31}},"1":{"start":{"line":45,"column":33},"end":{"line":45,"column":59}},"2":{"start":{"line":47,"column":36},"end":{"line":47,"column":77}},"3":{"start":{"line":48,"column":58},"end":{"line":48,"column":73}},"4":{"start":{"line":49,"column":54},"end":{"line":49,"column":69}},"5":{"start":{"line":51,"column":17},"end":{"line":51,"column":56}},"6":{"start":{"line":53,"column":2},"end":{"line":65,"column":63}},"7":{"start":{"line":54,"column":23},"end":{"line":62,"column":5}},"8":{"start":{"line":55,"column":6},"end":{"line":61,"column":7}},"9":{"start":{"line":56,"column":23},"end":{"line":56,"column":68}},"10":{"start":{"line":56,"column":46},"end":{"line":56,"column":67}},"11":{"start":{"line":57,"column":8},"end":{"line":60,"column":9}},"12":{"start":{"line":58,"column":10},"end":{"line":58,"column":34}},"13":{"start":{"line":59,"column":10},"end":{"line":59,"column":39}},"14":{"start":{"line":64,"column":4},"end":{"line":64,"column":17}},"15":{"start":{"line":67,"column":2},"end":{"line":77,"column":27}},"16":{"start":{"line":68,"column":33},"end":{"line":74,"column":5}},"17":{"start":{"line":69,"column":35},"end":{"line":69,"column":77}},"18":{"start":{"line":70,"column":33},"end":{"line":70,"column":73}},"19":{"start":{"line":72,"column":6},"end":{"line":72,"column":52}},"20":{"start":{"line":73,"column":6},"end":{"line":73,"column":48}},"21":{"start":{"line":76,"column":4},"end":{"line":76,"column":27}},"22":{"start":{"line":79,"column":27},"end":{"line":81,"column":3}},"23":{"start":{"line":80,"column":4},"end":{"line":80,"column":41}},"24":{"start":{"line":83,"column":26},"end":{"line":86,"column":3}},"25":{"start":{"line":84,"column":4},"end":{"line":84,"column":59}},"26":{"start":{"line":85,"column":4},"end":{"line":85,"column":22}},"27":{"start":{"line":88,"column":27},"end":{"line":100,"column":3}},"28":{"start":{"line":89,"column":4},"end":{"line":99,"column":5}},"29":{"start":{"line":90,"column":6},"end":{"line":93,"column":9}},"30":{"start":{"line":94,"column":6},"end":{"line":94,"column":74}},"31":{"start":{"line":95,"column":6},"end":{"line":95,"column":20}},"32":{"start":{"line":97,"column":6},"end":{"line":97,"column":52}},"33":{"start":{"line":98,"column":6},"end":{"line":98,"column":72}},"34":{"start":{"line":102,"column":23},"end":{"line":104,"column":3}},"35":{"start":{"line":103,"column":4},"end":{"line":103,"column":18}},"36":{"start":{"line":106,"column":29},"end":{"line":130,"column":3}},"37":{"start":{"line":107,"column":25},"end":{"line":107,"column":74}},"38":{"start":{"line":107,"column":47},"end":{"line":107,"column":73}},"39":{"start":{"line":109,"column":4},"end":{"line":129,"column":6}},"40":{"start":{"line":132,"column":28},"end":{"line":217,"column":3}},"41":{"start":{"line":134,"column":4},"end":{"line":148,"column":5}},"42":{"start":{"line":135,"column":6},"end":{"line":147,"column":8}},"43":{"start":{"line":151,"column":4},"end":{"line":216,"column":5}},"44":{"start":{"line":153,"column":8},"end":{"line":159,"column":10}},"45":{"start":{"line":161,"column":8},"end":{"line":167,"column":10}},"46":{"start":{"line":169,"column":8},"end":{"line":175,"column":10}},"47":{"start":{"line":177,"column":8},"end":{"line":183,"column":10}},"48":{"start":{"line":185,"column":8},"end":{"line":191,"column":10}},"49":{"start":{"line":193,"column":8},"end":{"line":199,"column":10}},"50":{"start":{"line":201,"column":8},"end":{"line":207,"column":10}},"51":{"start":{"line":209,"column":8},"end":{"line":215,"column":10}},"52":{"start":{"line":219,"column":27},"end":{"line":253,"column":3}},"53":{"start":{"line":220,"column":4},"end":{"line":252,"column":6}},"54":{"start":{"line":225,"column":31},"end":{"line":225,"column":60}},"55":{"start":{"line":231,"column":31},"end":{"line":231,"column":70}},"56":{"start":{"line":237,"column":34},"end":{"line":237,"column":66}},"57":{"start":{"line":240,"column":54},"end":{"line":240,"column":96}},"58":{"start":{"line":241,"column":50},"end":{"line":241,"column":90}},"59":{"start":{"line":247,"column":61},"end":{"line":247,"column":105}},"60":{"start":{"line":249,"column":44},"end":{"line":249,"column":77}},"61":{"start":{"line":255,"column":27},"end":{"line":293,"column":3}},"62":{"start":{"line":256,"column":4},"end":{"line":263,"column":5}},"63":{"start":{"line":258,"column":6},"end":{"line":262,"column":8}},"64":{"start":{"line":266,"column":4},"end":{"line":272,"column":5}},"65":{"start":{"line":267,"column":6},"end":{"line":271,"column":8}},"66":{"start":{"line":275,"column":23},"end":{"line":286,"column":12}},"67":{"start":{"line":288,"column":4},"end":{"line":292,"column":6}},"68":{"start":{"line":295,"column":2},"end":{"line":356,"column":4}},"69":{"start":{"line":311,"column":25},"end":{"line":311,"column":51}},"70":{"start":{"line":328,"column":25},"end":{"line":328,"column":50}},"71":{"start":{"line":359,"column":15},"end":{"line":470,"column":2}}},"fnMap":{"0":{"name":"CreateQRModal","decl":{"start":{"line":33,"column":24},"end":{"line":33,"column":37}},"loc":{"start":{"line":33,"column":40},"end":{"line":357,"column":1}},"line":33},"1":{"name":"(anonymous_1)","decl":{"start":{"line":53,"column":12},"end":{"line":53,"column":13}},"loc":{"start":{"line":53,"column":18},"end":{"line":65,"column":3}},"line":53},"2":{"name":"(anonymous_2)","decl":{"start":{"line":54,"column":23},"end":{"line":54,"column":24}},"loc":{"start":{"line":54,"column":35},"end":{"line":62,"column":5}},"line":54},"3":{"name":"(anonymous_3)","decl":{"start":{"line":56,"column":38},"end":{"line":56,"column":39}},"loc":{"start":{"line":56,"column":46},"end":{"line":56,"column":67}},"line":56},"4":{"name":"(anonymous_4)","decl":{"start":{"line":67,"column":12},"end":{"line":67,"column":13}},"loc":{"start":{"line":67,"column":18},"end":{"line":77,"column":3}},"line":67},"5":{"name":"(anonymous_5)","decl":{"start":{"line":68,"column":33},"end":{"line":68,"column":34}},"loc":{"start":{"line":68,"column":45},"end":{"line":74,"column":5}},"line":68},"6":{"name":"(anonymous_6)","decl":{"start":{"line":79,"column":27},"end":{"line":79,"column":28}},"loc":{"start":{"line":79,"column":33},"end":{"line":81,"column":3}},"line":79},"7":{"name":"(anonymous_7)","decl":{"start":{"line":83,"column":26},"end":{"line":83,"column":27}},"loc":{"start":{"line":83,"column":57},"end":{"line":86,"column":3}},"line":83},"8":{"name":"(anonymous_8)","decl":{"start":{"line":88,"column":27},"end":{"line":88,"column":28}},"loc":{"start":{"line":88,"column":53},"end":{"line":100,"column":3}},"line":88},"9":{"name":"(anonymous_9)","decl":{"start":{"line":102,"column":23},"end":{"line":102,"column":24}},"loc":{"start":{"line":102,"column":29},"end":{"line":104,"column":3}},"line":102},"10":{"name":"(anonymous_10)","decl":{"start":{"line":106,"column":29},"end":{"line":106,"column":30}},"loc":{"start":{"line":106,"column":35},"end":{"line":130,"column":3}},"line":106},"11":{"name":"(anonymous_11)","decl":{"start":{"line":107,"column":39},"end":{"line":107,"column":40}},"loc":{"start":{"line":107,"column":47},"end":{"line":107,"column":73}},"line":107},"12":{"name":"(anonymous_12)","decl":{"start":{"line":132,"column":28},"end":{"line":132,"column":29}},"loc":{"start":{"line":132,"column":34},"end":{"line":217,"column":3}},"line":132},"13":{"name":"(anonymous_13)","decl":{"start":{"line":219,"column":27},"end":{"line":219,"column":28}},"loc":{"start":{"line":219,"column":33},"end":{"line":253,"column":3}},"line":219},"14":{"name":"(anonymous_14)","decl":{"start":{"line":225,"column":20},"end":{"line":225,"column":21}},"loc":{"start":{"line":225,"column":31},"end":{"line":225,"column":60}},"line":225},"15":{"name":"(anonymous_15)","decl":{"start":{"line":231,"column":20},"end":{"line":231,"column":21}},"loc":{"start":{"line":231,"column":31},"end":{"line":231,"column":70}},"line":231},"16":{"name":"(anonymous_16)","decl":{"start":{"line":237,"column":20},"end":{"line":237,"column":21}},"loc":{"start":{"line":237,"column":34},"end":{"line":237,"column":66}},"line":237},"17":{"name":"(anonymous_17)","decl":{"start":{"line":240,"column":30},"end":{"line":240,"column":31}},"loc":{"start":{"line":240,"column":54},"end":{"line":240,"column":96}},"line":240},"18":{"name":"(anonymous_18)","decl":{"start":{"line":241,"column":28},"end":{"line":241,"column":29}},"loc":{"start":{"line":241,"column":50},"end":{"line":241,"column":90}},"line":241},"19":{"name":"(anonymous_19)","decl":{"start":{"line":247,"column":35},"end":{"line":247,"column":36}},"loc":{"start":{"line":247,"column":61},"end":{"line":247,"column":105}},"line":247},"20":{"name":"(anonymous_20)","decl":{"start":{"line":249,"column":29},"end":{"line":249,"column":30}},"loc":{"start":{"line":249,"column":44},"end":{"line":249,"column":77}},"line":249},"21":{"name":"(anonymous_21)","decl":{"start":{"line":255,"column":27},"end":{"line":255,"column":28}},"loc":{"start":{"line":255,"column":33},"end":{"line":293,"column":3}},"line":255},"22":{"name":"(anonymous_22)","decl":{"start":{"line":311,"column":19},"end":{"line":311,"column":20}},"loc":{"start":{"line":311,"column":25},"end":{"line":311,"column":51}},"line":311},"23":{"name":"(anonymous_23)","decl":{"start":{"line":328,"column":19},"end":{"line":328,"column":20}},"loc":{"start":{"line":328,"column":25},"end":{"line":328,"column":50}},"line":328}},"branchMap":{"0":{"loc":{"start":{"line":55,"column":6},"end":{"line":61,"column":7}},"type":"if","locations":[{"start":{"line":55,"column":6},"end":{"line":61,"column":7}},{"start":{},"end":{}}],"line":55},"1":{"loc":{"start":{"line":57,"column":8},"end":{"line":60,"column":9}},"type":"if","locations":[{"start":{"line":57,"column":8},"end":{"line":60,"column":9}},{"start":{},"end":{}}],"line":57},"2":{"loc":{"start":{"line":114,"column":9},"end":{"line":126,"column":9}},"type":"cond-expr","locations":[{"start":{"line":115,"column":10},"end":{"line":123,"column":13}},{"start":{"line":125,"column":10},"end":{"line":125,"column":61}}],"line":114},"3":{"loc":{"start":{"line":134,"column":4},"end":{"line":148,"column":5}},"type":"if","locations":[{"start":{"line":134,"column":4},"end":{"line":148,"column":5}},{"start":{},"end":{}}],"line":134},"4":{"loc":{"start":{"line":151,"column":4},"end":{"line":216,"column":5}},"type":"switch","locations":[{"start":{"line":152,"column":6},"end":{"line":159,"column":10}},{"start":{"line":160,"column":6},"end":{"line":167,"column":10}},{"start":{"line":168,"column":6},"end":{"line":175,"column":10}},{"start":{"line":176,"column":6},"end":{"line":183,"column":10}},{"start":{"line":184,"column":6},"end":{"line":191,"column":10}},{"start":{"line":192,"column":6},"end":{"line":199,"column":10}},{"start":{"line":200,"column":6},"end":{"line":207,"column":10}},{"start":{"line":208,"column":6},"end":{"line":215,"column":10}}],"line":151},"5":{"loc":{"start":{"line":256,"column":4},"end":{"line":263,"column":5}},"type":"if","locations":[{"start":{"line":256,"column":4},"end":{"line":263,"column":5}},{"start":{},"end":{}}],"line":256},"6":{"loc":{"start":{"line":266,"column":4},"end":{"line":272,"column":5}},"type":"if","locations":[{"start":{"line":266,"column":4},"end":{"line":272,"column":5}},{"start":{},"end":{}}],"line":266},"7":{"loc":{"start":{"line":280,"column":10},"end":{"line":280,"column":76}},"type":"cond-expr","locations":[{"start":{"line":280,"column":45},"end":{"line":280,"column":71}},{"start":{"line":280,"column":74},"end":{"line":280,"column":76}}],"line":280},"8":{"loc":{"start":{"line":281,"column":10},"end":{"line":281,"column":80}},"type":"cond-expr","locations":[{"start":{"line":281,"column":45},"end":{"line":281,"column":75}},{"start":{"line":281,"column":78},"end":{"line":281,"column":80}}],"line":281},"9":{"loc":{"start":{"line":282,"column":10},"end":{"line":282,"column":83}},"type":"cond-expr","locations":[{"start":{"line":282,"column":46},"end":{"line":282,"column":78}},{"start":{"line":282,"column":81},"end":{"line":282,"column":83}}],"line":282},"10":{"loc":{"start":{"line":283,"column":10},"end":{"line":284,"column":60}},"type":"cond-expr","locations":[{"start":{"line":284,"column":8},"end":{"line":284,"column":55}},{"start":{"line":284,"column":58},"end":{"line":284,"column":60}}],"line":283},"11":{"loc":{"start":{"line":283,"column":10},"end":{"line":283,"column":118}},"type":"binary-expr","locations":[{"start":{"line":283,"column":10},"end":{"line":283,"column":43}},{"start":{"line":283,"column":47},"end":{"line":283,"column":78}},{"start":{"line":283,"column":82},"end":{"line":283,"column":118}}],"line":283},"12":{"loc":{"start":{"line":285,"column":10},"end":{"line":285,"column":89}},"type":"cond-expr","locations":[{"start":{"line":285,"column":46},"end":{"line":285,"column":84}},{"start":{"line":285,"column":87},"end":{"line":285,"column":89}}],"line":285},"13":{"loc":{"start":{"line":298,"column":16},"end":{"line":298,"column":61}},"type":"cond-expr","locations":[{"start":{"line":298,"column":40},"end":{"line":298,"column":49}},{"start":{"line":298,"column":52},"end":{"line":298,"column":61}}],"line":298},"14":{"loc":{"start":{"line":309,"column":12},"end":{"line":309,"column":55}},"type":"binary-expr","locations":[{"start":{"line":309,"column":12},"end":{"line":309,"column":35}},{"start":{"line":309,"column":39},"end":{"line":309,"column":55}}],"line":309},"15":{"loc":{"start":{"line":316,"column":14},"end":{"line":316,"column":61}},"type":"binary-expr","locations":[{"start":{"line":316,"column":14},"end":{"line":316,"column":37}},{"start":{"line":316,"column":41},"end":{"line":316,"column":61}}],"line":316},"16":{"loc":{"start":{"line":326,"column":12},"end":{"line":326,"column":54}},"type":"binary-expr","locations":[{"start":{"line":326,"column":12},"end":{"line":326,"column":34}},{"start":{"line":326,"column":38},"end":{"line":326,"column":54}}],"line":326},"17":{"loc":{"start":{"line":333,"column":14},"end":{"line":333,"column":60}},"type":"binary-expr","locations":[{"start":{"line":333,"column":14},"end":{"line":333,"column":36}},{"start":{"line":333,"column":40},"end":{"line":333,"column":60}}],"line":333},"18":{"loc":{"start":{"line":346,"column":9},"end":{"line":351,"column":9}},"type":"binary-expr","locations":[{"start":{"line":346,"column":9},"end":{"line":346,"column":32}},{"start":{"line":347,"column":10},"end":{"line":350,"column":13}}],"line":346},"19":{"loc":{"start":{"line":353,"column":9},"end":{"line":353,"column":53}},"type":"binary-expr","locations":[{"start":{"line":353,"column":9},"end":{"line":353,"column":31}},{"start":{"line":353,"column":35},"end":{"line":353,"column":53}}],"line":353}},"s":{"0":0,"1":0,"2":0,"3":0,"4":0,"5":0,"6":0,"7":0,"8":0,"9":0,"10":0,"11":0,"12":0,"13":0,"14":0,"15":0,"16":0,"17":0,"18":0,"19":0,"20":0,"21":0,"22":0,"23":0,"24":0,"25":0,"26":0,"27":0,"28":0,"29":0,"30":0,"31":0,"32":0,"33":0,"34":0,"35":0,"36":0,"37":0,"38":0,"39":0,"40":0,"41":0,"42":0,"43":0,"44":0,"45":0,"46":0,"47":0,"48":0,"49":0,"50":0,"51":0,"52":0,"53":0,"54":0,"55":0,"56":0,"57":0,"58":0,"59":0,"60":0,"61":0,"62":0,"63":0,"64":0,"65":0,"66":0,"67":0,"68":0,"69":0,"70":0,"71":0},"f":{"0":0,"1":0,"2":0,"3":0,"4":0,"5":0,"6":0,"7":0,"8":0,"9":0,"10":0,"11":0,"12":0,"13":0,"14":0,"15":0,"16":0,"17":0,"18":0,"19":0,"20":0,"21":0,"22":0,"23":0},"b":{"0":[0,0],"1":[0,0],"2":[0,0],"3":[0,0],"4":[0,0,0,0,0,0,0,0],"5":[0,0],"6":[0,0],"7":[0,0],"8":[0,0],"9":[0,0],"10":[0,0],"11":[0,0,0],"12":[0,0],"13":[0,0],"14":[0,0],"15":[0,0],"16":[0,0],"17":[0,0],"18":[0,0],"19":[0,0]}}
,"/Users/benhemson-struthers/Documents/Code/QuRe/QuRe_v8/QuRe/app/modal/type-selection.tsx": {"path":"/Users/benhemson-struthers/Documents/Code/QuRe/QuRe_v8/QuRe/app/modal/type-selection.tsx","statementMap":{"0":{"start":{"line":19,"column":44},"end":{"line":19,"column":69}},"1":{"start":{"line":20,"column":17},"end":{"line":20,"column":62}},"2":{"start":{"line":22,"column":27},"end":{"line":31,"column":3}},"3":{"start":{"line":23,"column":4},"end":{"line":23,"column":60}},"4":{"start":{"line":24,"column":4},"end":{"line":24,"column":26}},"5":{"start":{"line":26,"column":4},"end":{"line":30,"column":5}},"6":{"start":{"line":27,"column":6},"end":{"line":27,"column":45}},"7":{"start":{"line":29,"column":6},"end":{"line":29,"column":20}},"8":{"start":{"line":33,"column":2},"end":{"line":71,"column":4}},"9":{"start":{"line":42,"column":32},"end":{"line":42,"column":41}},"10":{"start":{"line":45,"column":10},"end":{"line":66,"column":29}},"11":{"start":{"line":50,"column":27},"end":{"line":50,"column":54}},"12":{"start":{"line":74,"column":15},"end":{"line":135,"column":2}}},"fnMap":{"0":{"name":"TypeSelectionModal","decl":{"start":{"line":18,"column":24},"end":{"line":18,"column":42}},"loc":{"start":{"line":18,"column":45},"end":{"line":72,"column":1}},"line":18},"1":{"name":"(anonymous_1)","decl":{"start":{"line":22,"column":27},"end":{"line":22,"column":28}},"loc":{"start":{"line":22,"column":49},"end":{"line":31,"column":3}},"line":22},"2":{"name":"(anonymous_2)","decl":{"start":{"line":42,"column":22},"end":{"line":42,"column":23}},"loc":{"start":{"line":42,"column":32},"end":{"line":42,"column":41}},"line":42},"3":{"name":"(anonymous_3)","decl":{"start":{"line":44,"column":20},"end":{"line":44,"column":21}},"loc":{"start":{"line":45,"column":10},"end":{"line":66,"column":29}},"line":45},"4":{"name":"(anonymous_4)","decl":{"start":{"line":50,"column":21},"end":{"line":50,"column":22}},"loc":{"start":{"line":50,"column":27},"end":{"line":50,"column":54}},"line":50}},"branchMap":{"0":{"loc":{"start":{"line":26,"column":4},"end":{"line":30,"column":5}},"type":"if","locations":[{"start":{"line":26,"column":4},"end":{"line":30,"column":5}},{"start":{"line":28,"column":11},"end":{"line":30,"column":5}}],"line":26},"1":{"loc":{"start":{"line":48,"column":14},"end":{"line":48,"column":63}},"type":"binary-expr","locations":[{"start":{"line":48,"column":14},"end":{"line":48,"column":40}},{"start":{"line":48,"column":44},"end":{"line":48,"column":63}}],"line":48},"2":{"loc":{"start":{"line":56,"column":23},"end":{"line":56,"column":76}},"type":"cond-expr","locations":[{"start":{"line":56,"column":52},"end":{"line":56,"column":59}},{"start":{"line":56,"column":62},"end":{"line":56,"column":76}}],"line":56},"3":{"loc":{"start":{"line":63,"column":13},"end":{"line":65,"column":13}},"type":"binary-expr","locations":[{"start":{"line":63,"column":13},"end":{"line":63,"column":39}},{"start":{"line":64,"column":14},"end":{"line":64,"column":87}}],"line":63}},"s":{"0":0,"1":0,"2":0,"3":0,"4":0,"5":0,"6":0,"7":0,"8":0,"9":0,"10":0,"11":0,"12":0},"f":{"0":0,"1":0,"2":0,"3":0,"4":0},"b":{"0":[0,0],"1":[0,0],"2":[0,0],"3":[0,0]}}
,"/Users/benhemson-struthers/Documents/Code/QuRe/QuRe_v8/QuRe/components/Button.tsx": {"path":"/Users/benhemson-struthers/Documents/Code/QuRe/QuRe_v8/QuRe/components/Button.tsx","statementMap":{"0":{"start":{"line":25,"column":45},"end":{"line":128,"column":1}},"1":{"start":{"line":36,"column":25},"end":{"line":49,"column":3}},"2":{"start":{"line":37,"column":4},"end":{"line":48,"column":5}},"3":{"start":{"line":39,"column":8},"end":{"line":39,"column":36}},"4":{"start":{"line":41,"column":8},"end":{"line":41,"column":38}},"5":{"start":{"line":43,"column":8},"end":{"line":43,"column":36}},"6":{"start":{"line":45,"column":8},"end":{"line":45,"column":33}},"7":{"start":{"line":47,"column":8},"end":{"line":47,"column":36}},"8":{"start":{"line":51,"column":23},"end":{"line":64,"column":3}},"9":{"start":{"line":52,"column":4},"end":{"line":63,"column":5}},"10":{"start":{"line":54,"column":8},"end":{"line":54,"column":34}},"11":{"start":{"line":56,"column":8},"end":{"line":56,"column":36}},"12":{"start":{"line":58,"column":8},"end":{"line":58,"column":34}},"13":{"start":{"line":60,"column":8},"end":{"line":60,"column":37}},"14":{"start":{"line":62,"column":8},"end":{"line":62,"column":34}},"15":{"start":{"line":66,"column":23},"end":{"line":77,"column":3}},"16":{"start":{"line":67,"column":4},"end":{"line":76,"column":5}},"17":{"start":{"line":69,"column":8},"end":{"line":69,"column":34}},"18":{"start":{"line":71,"column":8},"end":{"line":71,"column":35}},"19":{"start":{"line":73,"column":8},"end":{"line":73,"column":34}},"20":{"start":{"line":75,"column":8},"end":{"line":75,"column":35}},"21":{"start":{"line":79,"column":27},"end":{"line":90,"column":3}},"22":{"start":{"line":80,"column":4},"end":{"line":89,"column":5}},"23":{"start":{"line":82,"column":8},"end":{"line":82,"column":32}},"24":{"start":{"line":84,"column":8},"end":{"line":84,"column":33}},"25":{"start":{"line":86,"column":8},"end":{"line":86,"column":32}},"26":{"start":{"line":88,"column":8},"end":{"line":88,"column":33}},"27":{"start":{"line":92,"column":21},"end":{"line":92,"column":40}},"28":{"start":{"line":94,"column":2},"end":{"line":127,"column":4}},"29":{"start":{"line":130,"column":15},"end":{"line":193,"column":2}}},"fnMap":{"0":{"name":"(anonymous_0)","decl":{"start":{"line":25,"column":45},"end":{"line":25,"column":46}},"loc":{"start":{"line":35,"column":6},"end":{"line":128,"column":1}},"line":35},"1":{"name":"(anonymous_1)","decl":{"start":{"line":36,"column":25},"end":{"line":36,"column":26}},"loc":{"start":{"line":36,"column":31},"end":{"line":49,"column":3}},"line":36},"2":{"name":"(anonymous_2)","decl":{"start":{"line":51,"column":23},"end":{"line":51,"column":24}},"loc":{"start":{"line":51,"column":29},"end":{"line":64,"column":3}},"line":51},"3":{"name":"(anonymous_3)","decl":{"start":{"line":66,"column":23},"end":{"line":66,"column":24}},"loc":{"start":{"line":66,"column":29},"end":{"line":77,"column":3}},"line":66},"4":{"name":"(anonymous_4)","decl":{"start":{"line":79,"column":27},"end":{"line":79,"column":28}},"loc":{"start":{"line":79,"column":33},"end":{"line":90,"column":3}},"line":79}},"branchMap":{"0":{"loc":{"start":{"line":28,"column":2},"end":{"line":28,"column":21}},"type":"default-arg","locations":[{"start":{"line":28,"column":12},"end":{"line":28,"column":21}}],"line":28},"1":{"loc":{"start":{"line":29,"column":2},"end":{"line":29,"column":17}},"type":"default-arg","locations":[{"start":{"line":29,"column":9},"end":{"line":29,"column":17}}],"line":29},"2":{"loc":{"start":{"line":30,"column":2},"end":{"line":30,"column":17}},"type":"default-arg","locations":[{"start":{"line":30,"column":12},"end":{"line":30,"column":17}}],"line":30},"3":{"loc":{"start":{"line":31,"column":2},"end":{"line":31,"column":18}},"type":"default-arg","locations":[{"start":{"line":31,"column":13},"end":{"line":31,"column":18}}],"line":31},"4":{"loc":{"start":{"line":37,"column":4},"end":{"line":48,"column":5}},"type":"switch","locations":[{"start":{"line":38,"column":6},"end":{"line":39,"column":36}},{"start":{"line":40,"column":6},"end":{"line":41,"column":38}},{"start":{"line":42,"column":6},"end":{"line":43,"column":36}},{"start":{"line":44,"column":6},"end":{"line":45,"column":33}},{"start":{"line":46,"column":6},"end":{"line":47,"column":36}}],"line":37},"5":{"loc":{"start":{"line":52,"column":4},"end":{"line":63,"column":5}},"type":"switch","locations":[{"start":{"line":53,"column":6},"end":{"line":54,"column":34}},{"start":{"line":55,"column":6},"end":{"line":56,"column":36}},{"start":{"line":57,"column":6},"end":{"line":58,"column":34}},{"start":{"line":59,"column":6},"end":{"line":60,"column":37}},{"start":{"line":61,"column":6},"end":{"line":62,"column":34}}],"line":52},"6":{"loc":{"start":{"line":67,"column":4},"end":{"line":76,"column":5}},"type":"switch","locations":[{"start":{"line":68,"column":6},"end":{"line":69,"column":34}},{"start":{"line":70,"column":6},"end":{"line":71,"column":35}},{"start":{"line":72,"column":6},"end":{"line":73,"column":34}},{"start":{"line":74,"column":6},"end":{"line":75,"column":35}}],"line":67},"7":{"loc":{"start":{"line":80,"column":4},"end":{"line":89,"column":5}},"type":"switch","locations":[{"start":{"line":81,"column":6},"end":{"line":82,"column":32}},{"start":{"line":83,"column":6},"end":{"line":84,"column":33}},{"start":{"line":85,"column":6},"end":{"line":86,"column":32}},{"start":{"line":87,"column":6},"end":{"line":88,"column":33}}],"line":80},"8":{"loc":{"start":{"line":92,"column":21},"end":{"line":92,"column":40}},"type":"binary-expr","locations":[{"start":{"line":92,"column":21},"end":{"line":92,"column":28}},{"start":{"line":92,"column":32},"end":{"line":92,"column":40}}],"line":92},"9":{"loc":{"start":{"line":102,"column":8},"end":{"line":102,"column":43}},"type":"binary-expr","locations":[{"start":{"line":102,"column":8},"end":{"line":102,"column":18}},{"start":{"line":102,"column":22},"end":{"line":102,"column":43}}],"line":102},"10":{"loc":{"start":{"line":108,"column":7},"end":{"line":125,"column":7}},"type":"cond-expr","locations":[{"start":{"line":109,"column":8},"end":{"line":112,"column":10}},{"start":{"line":114,"column":8},"end":{"line":124,"column":15}}],"line":108},"11":{"loc":{"start":{"line":111,"column":17},"end":{"line":111,"column":67}},"type":"cond-expr","locations":[{"start":{"line":111,"column":41},"end":{"line":111,"column":50}},{"start":{"line":111,"column":53},"end":{"line":111,"column":67}}],"line":111},"12":{"loc":{"start":{"line":119,"column":12},"end":{"line":119,"column":45}},"type":"binary-expr","locations":[{"start":{"line":119,"column":12},"end":{"line":119,"column":22}},{"start":{"line":119,"column":26},"end":{"line":119,"column":45}}],"line":119}},"s":{"0":2,"1":52,"2":52,"3":26,"4":0,"5":26,"6":0,"7":0,"8":52,"9":52,"10":26,"11":0,"12":26,"13":0,"14":0,"15":52,"16":52,"17":0,"18":52,"19":0,"20":0,"21":52,"22":52,"23":0,"24":52,"25":0,"26":0,"27":52,"28":52,"29":2},"f":{"0":52,"1":52,"2":52,"3":52,"4":52},"b":{"0":[26],"1":[52],"2":[52],"3":[52],"4":[26,0,26,0,0],"5":[26,0,26,0,0],"6":[0,52,0,0],"7":[0,52,0,0],"8":[52,52],"9":[52,0],"10":[0,52],"11":[0,0],"12":[52,0]},"_coverageSchema":"1a1c01bbd47fc00a2c39e90264f33305004495a9","hash":"d97565651deebfa08545f88cb5a2a4bd96282d2d"}
,"/Users/benhemson-struthers/Documents/Code/QuRe/QuRe_v8/QuRe/components/CountryCodeSelector.tsx": {"path":"/Users/benhemson-struthers/Documents/Code/QuRe/QuRe_v8/QuRe/components/CountryCodeSelector.tsx","statementMap":{"0":{"start":{"line":21,"column":71},"end":{"line":120,"column":1}},"1":{"start":{"line":25,"column":42},"end":{"line":25,"column":57}},"2":{"start":{"line":26,"column":40},"end":{"line":26,"column":52}},"3":{"start":{"line":28,"column":26},"end":{"line":30,"column":23}},"4":{"start":{"line":29,"column":17},"end":{"line":29,"column":43}},"5":{"start":{"line":32,"column":28},"end":{"line":39,"column":19}},"6":{"start":{"line":35,"column":10},"end":{"line":37,"column":72}},"7":{"start":{"line":41,"column":23},"end":{"line":45,"column":3}},"8":{"start":{"line":42,"column":4},"end":{"line":42,"column":31}},"9":{"start":{"line":43,"column":4},"end":{"line":43,"column":27}},"10":{"start":{"line":44,"column":4},"end":{"line":44,"column":23}},"11":{"start":{"line":47,"column":28},"end":{"line":59,"column":3}},"12":{"start":{"line":48,"column":4},"end":{"line":58,"column":23}},"13":{"start":{"line":53,"column":21},"end":{"line":53,"column":39}},"14":{"start":{"line":61,"column":2},"end":{"line":119,"column":4}},"15":{"start":{"line":65,"column":23},"end":{"line":65,"column":44}},"16":{"start":{"line":76,"column":30},"end":{"line":76,"column":52}},"17":{"start":{"line":84,"column":18},"end":{"line":84,"column":41}},"18":{"start":{"line":85,"column":18},"end":{"line":85,"column":37}},"19":{"start":{"line":108,"column":38},"end":{"line":108,"column":47}},"20":{"start":{"line":122,"column":15},"end":{"line":215,"column":2}}},"fnMap":{"0":{"name":"(anonymous_0)","decl":{"start":{"line":21,"column":71},"end":{"line":21,"column":72}},"loc":{"start":{"line":24,"column":6},"end":{"line":120,"column":1}},"line":24},"1":{"name":"(anonymous_1)","decl":{"start":{"line":29,"column":4},"end":{"line":29,"column":5}},"loc":{"start":{"line":29,"column":17},"end":{"line":29,"column":43}},"line":29},"2":{"name":"(anonymous_2)","decl":{"start":{"line":34,"column":8},"end":{"line":34,"column":9}},"loc":{"start":{"line":35,"column":10},"end":{"line":37,"column":72}},"line":35},"3":{"name":"(anonymous_3)","decl":{"start":{"line":41,"column":23},"end":{"line":41,"column":24}},"loc":{"start":{"line":41,"column":49},"end":{"line":45,"column":3}},"line":41},"4":{"name":"(anonymous_4)","decl":{"start":{"line":47,"column":28},"end":{"line":47,"column":29}},"loc":{"start":{"line":48,"column":4},"end":{"line":58,"column":23}},"line":48},"5":{"name":"(anonymous_5)","decl":{"start":{"line":53,"column":15},"end":{"line":53,"column":16}},"loc":{"start":{"line":53,"column":21},"end":{"line":53,"column":39}},"line":53},"6":{"name":"(anonymous_6)","decl":{"start":{"line":65,"column":17},"end":{"line":65,"column":18}},"loc":{"start":{"line":65,"column":23},"end":{"line":65,"column":44}},"line":65},"7":{"name":"(anonymous_7)","decl":{"start":{"line":76,"column":24},"end":{"line":76,"column":25}},"loc":{"start":{"line":76,"column":30},"end":{"line":76,"column":52}},"line":76},"8":{"name":"(anonymous_8)","decl":{"start":{"line":83,"column":25},"end":{"line":83,"column":26}},"loc":{"start":{"line":83,"column":31},"end":{"line":86,"column":17}},"line":83},"9":{"name":"(anonymous_9)","decl":{"start":{"line":108,"column":28},"end":{"line":108,"column":29}},"loc":{"start":{"line":108,"column":38},"end":{"line":108,"column":47}},"line":108}},"branchMap":{"0":{"loc":{"start":{"line":28,"column":26},"end":{"line":30,"column":23}},"type":"binary-expr","locations":[{"start":{"line":28,"column":26},"end":{"line":30,"column":3}},{"start":{"line":30,"column":7},"end":{"line":30,"column":23}}],"line":28},"1":{"loc":{"start":{"line":32,"column":28},"end":{"line":39,"column":19}},"type":"cond-expr","locations":[{"start":{"line":33,"column":6},"end":{"line":38,"column":7}},{"start":{"line":39,"column":6},"end":{"line":39,"column":19}}],"line":32},"2":{"loc":{"start":{"line":35,"column":10},"end":{"line":37,"column":72}},"type":"binary-expr","locations":[{"start":{"line":35,"column":10},"end":{"line":35,"column":72}},{"start":{"line":36,"column":10},"end":{"line":36,"column":48}},{"start":{"line":37,"column":10},"end":{"line":37,"column":72}}],"line":35},"3":{"loc":{"start":{"line":51,"column":8},"end":{"line":51,"column":73}},"type":"binary-expr","locations":[{"start":{"line":51,"column":8},"end":{"line":51,"column":50}},{"start":{"line":51,"column":54},"end":{"line":51,"column":73}}],"line":51},"4":{"loc":{"start":{"line":152,"column":19},"end":{"line":152,"column":55}},"type":"cond-expr","locations":[{"start":{"line":152,"column":34},"end":{"line":152,"column":36}},{"start":{"line":152,"column":39},"end":{"line":152,"column":55}}],"line":152}},"s":{"0":1,"1":11,"2":11,"3":11,"4":11,"5":11,"6":0,"7":11,"8":0,"9":0,"10":0,"11":11,"12":0,"13":0,"14":11,"15":0,"16":0,"17":0,"18":0,"19":0,"20":1},"f":{"0":11,"1":11,"2":0,"3":0,"4":0,"5":0,"6":0,"7":0,"8":0,"9":0},"b":{"0":[11,0],"1":[0,11],"2":[0,0,0],"3":[0,0],"4":[1,0]},"_coverageSchema":"1a1c01bbd47fc00a2c39e90264f33305004495a9","hash":"2c8e334c3925c06ab317b741797bac50f3718985"}
,"/Users/benhemson-struthers/Documents/Code/QuRe/QuRe_v8/QuRe/components/FormField.tsx": {"path":"/Users/benhemson-struthers/Documents/Code/QuRe/QuRe_v8/QuRe/components/FormField.tsx","statementMap":{"0":{"start":{"line":14,"column":51},"end":{"line":31,"column":1}},"1":{"start":{"line":21,"column":2},"end":{"line":30,"column":4}},"2":{"start":{"line":33,"column":15},"end":{"line":59,"column":2}}},"fnMap":{"0":{"name":"(anonymous_0)","decl":{"start":{"line":14,"column":51},"end":{"line":14,"column":52}},"loc":{"start":{"line":20,"column":6},"end":{"line":31,"column":1}},"line":20}},"branchMap":{"0":{"loc":{"start":{"line":16,"column":2},"end":{"line":16,"column":18}},"type":"default-arg","locations":[{"start":{"line":16,"column":13},"end":{"line":16,"column":18}}],"line":16},"1":{"loc":{"start":{"line":25,"column":9},"end":{"line":25,"column":68}},"type":"binary-expr","locations":[{"start":{"line":25,"column":9},"end":{"line":25,"column":17}},{"start":{"line":25,"column":21},"end":{"line":25,"column":68}}],"line":25},"2":{"loc":{"start":{"line":28,"column":7},"end":{"line":28,"column":57}},"type":"binary-expr","locations":[{"start":{"line":28,"column":7},"end":{"line":28,"column":12}},{"start":{"line":28,"column":16},"end":{"line":28,"column":57}}],"line":28}},"s":{"0":2,"1":78,"2":2},"f":{"0":78},"b":{"0":[26],"1":[78,52],"2":[78,2]},"_coverageSchema":"1a1c01bbd47fc00a2c39e90264f33305004495a9","hash":"b6a22bf609bd1338555a5855d05cb426470aaeda"}
,"/Users/benhemson-struthers/Documents/Code/QuRe/QuRe_v8/QuRe/components/Input.tsx": {"path":"/Users/benhemson-struthers/Documents/Code/QuRe/QuRe_v8/QuRe/components/Input.tsx","statementMap":{"0":{"start":{"line":23,"column":43},"end":{"line":47,"column":1}},"1":{"start":{"line":32,"column":2},"end":{"line":46,"column":4}},"2":{"start":{"line":49,"column":15},"end":{"line":78,"column":2}}},"fnMap":{"0":{"name":"(anonymous_0)","decl":{"start":{"line":23,"column":43},"end":{"line":23,"column":44}},"loc":{"start":{"line":31,"column":6},"end":{"line":47,"column":1}},"line":31}},"branchMap":{"0":{"loc":{"start":{"line":34,"column":7},"end":{"line":34,"column":71}},"type":"binary-expr","locations":[{"start":{"line":34,"column":7},"end":{"line":34,"column":12}},{"start":{"line":34,"column":16},"end":{"line":34,"column":71}}],"line":34},"1":{"loc":{"start":{"line":38,"column":10},"end":{"line":38,"column":42}},"type":"cond-expr","locations":[{"start":{"line":38,"column":18},"end":{"line":38,"column":35}},{"start":{"line":38,"column":38},"end":{"line":38,"column":42}}],"line":38},"2":{"loc":{"start":{"line":44,"column":7},"end":{"line":44,"column":71}},"type":"binary-expr","locations":[{"start":{"line":44,"column":7},"end":{"line":44,"column":12}},{"start":{"line":44,"column":16},"end":{"line":44,"column":71}}],"line":44}},"s":{"0":2,"1":78,"2":2},"f":{"0":78},"b":{"0":[78,0],"1":[0,78],"2":[78,0]},"_coverageSchema":"1a1c01bbd47fc00a2c39e90264f33305004495a9","hash":"58bec25bc4e3b2120bdb500fe9a5071c8e31c311"}
,"/Users/benhemson-struthers/Documents/Code/QuRe/QuRe_v8/QuRe/components/QRCodeCard.tsx": {"path":"/Users/benhemson-struthers/Documents/Code/QuRe/QuRe_v8/QuRe/components/QRCodeCard.tsx","statementMap":{"0":{"start":{"line":21,"column":53},"end":{"line":114,"column":1}},"1":{"start":{"line":31,"column":18},"end":{"line":42,"column":3}},"2":{"start":{"line":32,"column":4},"end":{"line":41,"column":5}},"3":{"start":{"line":34,"column":8},"end":{"line":34,"column":38}},"4":{"start":{"line":36,"column":8},"end":{"line":36,"column":41}},"5":{"start":{"line":38,"column":8},"end":{"line":38,"column":38}},"6":{"start":{"line":40,"column":8},"end":{"line":40,"column":41}},"7":{"start":{"line":44,"column":2},"end":{"line":62,"column":3}},"8":{"start":{"line":45,"column":4},"end":{"line":61,"column":6}},"9":{"start":{"line":64,"column":2},"end":{"line":76,"column":3}},"10":{"start":{"line":65,"column":4},"end":{"line":75,"column":6}},"11":{"start":{"line":78,"column":2},"end":{"line":113,"column":4}},"12":{"start":{"line":116,"column":15},"end":{"line":175,"column":2}}},"fnMap":{"0":{"name":"(anonymous_0)","decl":{"start":{"line":21,"column":53},"end":{"line":21,"column":54}},"loc":{"start":{"line":30,"column":6},"end":{"line":114,"column":1}},"line":30},"1":{"name":"(anonymous_1)","decl":{"start":{"line":31,"column":18},"end":{"line":31,"column":19}},"loc":{"start":{"line":31,"column":24},"end":{"line":42,"column":3}},"line":31}},"branchMap":{"0":{"loc":{"start":{"line":25,"column":2},"end":{"line":25,"column":17}},"type":"default-arg","locations":[{"start":{"line":25,"column":9},"end":{"line":25,"column":17}}],"line":25},"1":{"loc":{"start":{"line":27,"column":2},"end":{"line":27,"column":17}},"type":"default-arg","locations":[{"start":{"line":27,"column":13},"end":{"line":27,"column":17}}],"line":27},"2":{"loc":{"start":{"line":29,"column":2},"end":{"line":29,"column":16}},"type":"default-arg","locations":[{"start":{"line":29,"column":11},"end":{"line":29,"column":16}}],"line":29},"3":{"loc":{"start":{"line":32,"column":4},"end":{"line":41,"column":5}},"type":"switch","locations":[{"start":{"line":33,"column":6},"end":{"line":34,"column":38}},{"start":{"line":35,"column":6},"end":{"line":36,"column":41}},{"start":{"line":37,"column":6},"end":{"line":38,"column":38}},{"start":{"line":39,"column":6},"end":{"line":40,"column":41}}],"line":32},"4":{"loc":{"start":{"line":44,"column":2},"end":{"line":62,"column":3}},"type":"if","locations":[{"start":{"line":44,"column":2},"end":{"line":62,"column":3}},{"start":{},"end":{}}],"line":44},"5":{"loc":{"start":{"line":44,"column":6},"end":{"line":44,"column":29}},"type":"binary-expr","locations":[{"start":{"line":44,"column":6},"end":{"line":44,"column":13}},{"start":{"line":44,"column":17},"end":{"line":44,"column":29}}],"line":44},"6":{"loc":{"start":{"line":50,"column":56},"end":{"line":50,"column":74}},"type":"cond-expr","locations":[{"start":{"line":50,"column":67},"end":{"line":50,"column":69}},{"start":{"line":50,"column":72},"end":{"line":50,"column":74}}],"line":50},"7":{"loc":{"start":{"line":64,"column":2},"end":{"line":76,"column":3}},"type":"if","locations":[{"start":{"line":64,"column":2},"end":{"line":76,"column":3}},{"start":{},"end":{}}],"line":64},"8":{"loc":{"start":{"line":64,"column":6},"end":{"line":64,"column":28}},"type":"binary-expr","locations":[{"start":{"line":64,"column":6},"end":{"line":64,"column":13}},{"start":{"line":64,"column":17},"end":{"line":64,"column":28}}],"line":64},"9":{"loc":{"start":{"line":69,"column":56},"end":{"line":69,"column":74}},"type":"cond-expr","locations":[{"start":{"line":69,"column":67},"end":{"line":69,"column":69}},{"start":{"line":69,"column":72},"end":{"line":69,"column":74}}],"line":69},"10":{"loc":{"start":{"line":82,"column":54},"end":{"line":82,"column":72}},"type":"cond-expr","locations":[{"start":{"line":82,"column":65},"end":{"line":82,"column":67}},{"start":{"line":82,"column":70},"end":{"line":82,"column":72}}],"line":82},"11":{"loc":{"start":{"line":86,"column":21},"end":{"line":86,"column":38}},"type":"cond-expr","locations":[{"start":{"line":86,"column":31},"end":{"line":86,"column":34}},{"start":{"line":86,"column":37},"end":{"line":86,"column":38}}],"line":86},"12":{"loc":{"start":{"line":91,"column":9},"end":{"line":99,"column":9}},"type":"binary-expr","locations":[{"start":{"line":91,"column":9},"end":{"line":91,"column":15}},{"start":{"line":92,"column":10},"end":{"line":98,"column":29}}],"line":91},"13":{"loc":{"start":{"line":102,"column":7},"end":{"line":111,"column":7}},"type":"binary-expr","locations":[{"start":{"line":102,"column":7},"end":{"line":102,"column":15}},{"start":{"line":103,"column":8},"end":{"line":110,"column":15}}],"line":102}},"s":{"0":0,"1":0,"2":0,"3":0,"4":0,"5":0,"6":0,"7":0,"8":0,"9":0,"10":0,"11":0,"12":0},"f":{"0":0,"1":0},"b":{"0":[0],"1":[0],"2":[0],"3":[0,0,0,0],"4":[0,0],"5":[0,0],"6":[0,0],"7":[0,0],"8":[0,0],"9":[0,0],"10":[0,0],"11":[0,0],"12":[0,0],"13":[0,0]}}
,"/Users/benhemson-struthers/Documents/Code/QuRe/QuRe_v8/QuRe/components/QRCodePreview.tsx": {"path":"/Users/benhemson-struthers/Documents/Code/QuRe/QuRe_v8/QuRe/components/QRCodePreview.tsx","statementMap":{"0":{"start":{"line":15,"column":59},"end":{"line":70,"column":1}},"1":{"start":{"line":20,"column":18},"end":{"line":20,"column":66}},"2":{"start":{"line":20,"column":32},"end":{"line":20,"column":55}},"3":{"start":{"line":22,"column":21},"end":{"line":22,"column":27}},"4":{"start":{"line":31,"column":6},"end":{"line":31,"column":12}},"5":{"start":{"line":33,"column":2},"end":{"line":69,"column":4}},"6":{"start":{"line":72,"column":15},"end":{"line":90,"column":2}}},"fnMap":{"0":{"name":"(anonymous_0)","decl":{"start":{"line":15,"column":59},"end":{"line":15,"column":60}},"loc":{"start":{"line":19,"column":6},"end":{"line":70,"column":1}},"line":19},"1":{"name":"(anonymous_1)","decl":{"start":{"line":20,"column":26},"end":{"line":20,"column":27}},"loc":{"start":{"line":20,"column":32},"end":{"line":20,"column":55}},"line":20}},"branchMap":{"0":{"loc":{"start":{"line":17,"column":2},"end":{"line":17,"column":34}},"type":"default-arg","locations":[{"start":{"line":17,"column":9},"end":{"line":17,"column":34}}],"line":17},"1":{"loc":{"start":{"line":35,"column":7},"end":{"line":67,"column":7}},"type":"cond-expr","locations":[{"start":{"line":36,"column":8},"end":{"line":52,"column":25}},{"start":{"line":54,"column":8},"end":{"line":66,"column":15}}],"line":35}},"s":{"0":0,"1":0,"2":0,"3":0,"4":0,"5":0,"6":0},"f":{"0":0,"1":0},"b":{"0":[0],"1":[0,0]}}
,"/Users/benhemson-struthers/Documents/Code/QuRe/QuRe_v8/QuRe/components/TabBar.tsx": {"path":"/Users/benhemson-struthers/Documents/Code/QuRe/QuRe_v8/QuRe/components/TabBar.tsx","statementMap":{},"fnMap":{},"branchMap":{},"s":{},"f":{},"b":{}}
,"/Users/benhemson-struthers/Documents/Code/QuRe/QuRe_v8/QuRe/components/design/AdvancedOptions.tsx": {"path":"/Users/benhemson-struthers/Documents/Code/QuRe/QuRe_v8/QuRe/components/design/AdvancedOptions.tsx","statementMap":{"0":{"start":{"line":16,"column":63},"end":{"line":95,"column":1}},"1":{"start":{"line":22,"column":24},"end":{"line":24,"column":3}},"2":{"start":{"line":23,"column":15},"end":{"line":23,"column":51}},"3":{"start":{"line":26,"column":2},"end":{"line":94,"column":4}},"4":{"start":{"line":38,"column":12},"end":{"line":54,"column":19}},"5":{"start":{"line":50,"column":31},"end":{"line":50,"column":67}},"6":{"start":{"line":97,"column":15},"end":{"line":180,"column":2}}},"fnMap":{"0":{"name":"(anonymous_0)","decl":{"start":{"line":16,"column":63},"end":{"line":16,"column":64}},"loc":{"start":{"line":21,"column":6},"end":{"line":95,"column":1}},"line":21},"1":{"name":"(anonymous_1)","decl":{"start":{"line":23,"column":4},"end":{"line":23,"column":5}},"loc":{"start":{"line":23,"column":15},"end":{"line":23,"column":51}},"line":23},"2":{"name":"(anonymous_2)","decl":{"start":{"line":37,"column":39},"end":{"line":37,"column":40}},"loc":{"start":{"line":38,"column":12},"end":{"line":54,"column":19}},"line":38},"3":{"name":"(anonymous_3)","decl":{"start":{"line":50,"column":25},"end":{"line":50,"column":26}},"loc":{"start":{"line":50,"column":31},"end":{"line":50,"column":67}},"line":50}},"branchMap":{"0":{"loc":{"start":{"line":42,"column":16},"end":{"line":42,"column":76}},"type":"binary-expr","locations":[{"start":{"line":42,"column":16},"end":{"line":42,"column":52}},{"start":{"line":42,"column":56},"end":{"line":42,"column":76}}],"line":42},"1":{"loc":{"start":{"line":48,"column":18},"end":{"line":48,"column":83}},"type":"binary-expr","locations":[{"start":{"line":48,"column":18},"end":{"line":48,"column":54}},{"start":{"line":48,"column":58},"end":{"line":48,"column":83}}],"line":48},"2":{"loc":{"start":{"line":58,"column":9},"end":{"line":63,"column":9}},"type":"binary-expr","locations":[{"start":{"line":58,"column":9},"end":{"line":58,"column":22}},{"start":{"line":59,"column":10},"end":{"line":62,"column":17}}],"line":58}},"s":{"0":0,"1":0,"2":0,"3":0,"4":0,"5":0,"6":0},"f":{"0":0,"1":0,"2":0,"3":0},"b":{"0":[0,0],"1":[0,0],"2":[0,0]}}
,"/Users/benhemson-struthers/Documents/Code/QuRe/QuRe_v8/QuRe/components/design/ColorPicker.tsx": {"path":"/Users/benhemson-struthers/Documents/Code/QuRe/QuRe_v8/QuRe/components/design/ColorPicker.tsx","statementMap":{"0":{"start":{"line":19,"column":55},"end":{"line":80,"column":1}},"1":{"start":{"line":25,"column":34},"end":{"line":25,"column":49}},"2":{"start":{"line":27,"column":26},"end":{"line":33,"column":3}},"3":{"start":{"line":28,"column":24},"end":{"line":28,"column":28}},"4":{"start":{"line":29,"column":4},"end":{"line":31,"column":5}},"5":{"start":{"line":30,"column":6},"end":{"line":30,"column":33}},"6":{"start":{"line":32,"column":4},"end":{"line":32,"column":31}},"7":{"start":{"line":35,"column":26},"end":{"line":43,"column":3}},"8":{"start":{"line":37,"column":21},"end":{"line":37,"column":57}},"9":{"start":{"line":38,"column":4},"end":{"line":42,"column":5}},"10":{"start":{"line":39,"column":6},"end":{"line":39,"column":25}},"11":{"start":{"line":41,"column":6},"end":{"line":41,"column":25}},"12":{"start":{"line":45,"column":2},"end":{"line":79,"column":4}},"13":{"start":{"line":64,"column":10},"end":{"line":75,"column":12}},"14":{"start":{"line":72,"column":14},"end":{"line":72,"column":30}},"15":{"start":{"line":73,"column":14},"end":{"line":73,"column":33}},"16":{"start":{"line":82,"column":15},"end":{"line":132,"column":2}}},"fnMap":{"0":{"name":"(anonymous_0)","decl":{"start":{"line":19,"column":55},"end":{"line":19,"column":56}},"loc":{"start":{"line":24,"column":6},"end":{"line":80,"column":1}},"line":24},"1":{"name":"(anonymous_1)","decl":{"start":{"line":27,"column":26},"end":{"line":27,"column":27}},"loc":{"start":{"line":27,"column":44},"end":{"line":33,"column":3}},"line":27},"2":{"name":"(anonymous_2)","decl":{"start":{"line":35,"column":26},"end":{"line":35,"column":27}},"loc":{"start":{"line":35,"column":32},"end":{"line":43,"column":3}},"line":35},"3":{"name":"(anonymous_3)","decl":{"start":{"line":63,"column":21},"end":{"line":63,"column":22}},"loc":{"start":{"line":64,"column":10},"end":{"line":75,"column":12}},"line":64},"4":{"name":"(anonymous_4)","decl":{"start":{"line":71,"column":21},"end":{"line":71,"column":22}},"loc":{"start":{"line":71,"column":27},"end":{"line":74,"column":13}},"line":71}},"branchMap":{"0":{"loc":{"start":{"line":23,"column":2},"end":{"line":23,"column":28}},"type":"default-arg","locations":[{"start":{"line":23,"column":12},"end":{"line":23,"column":28}}],"line":23},"1":{"loc":{"start":{"line":29,"column":4},"end":{"line":31,"column":5}},"type":"if","locations":[{"start":{"line":29,"column":4},"end":{"line":31,"column":5}},{"start":{},"end":{}}],"line":29},"2":{"loc":{"start":{"line":29,"column":8},"end":{"line":29,"column":48}},"type":"binary-expr","locations":[{"start":{"line":29,"column":8},"end":{"line":29,"column":23}},{"start":{"line":29,"column":27},"end":{"line":29,"column":48}}],"line":29},"3":{"loc":{"start":{"line":38,"column":4},"end":{"line":42,"column":5}},"type":"if","locations":[{"start":{"line":38,"column":4},"end":{"line":42,"column":5}},{"start":{"line":40,"column":11},"end":{"line":42,"column":5}}],"line":38},"4":{"loc":{"start":{"line":69,"column":14},"end":{"line":69,"column":53}},"type":"binary-expr","locations":[{"start":{"line":69,"column":14},"end":{"line":69,"column":29}},{"start":{"line":69,"column":33},"end":{"line":69,"column":53}}],"line":69}},"s":{"0":0,"1":0,"2":0,"3":0,"4":0,"5":0,"6":0,"7":0,"8":0,"9":0,"10":0,"11":0,"12":0,"13":0,"14":0,"15":0,"16":0},"f":{"0":0,"1":0,"2":0,"3":0,"4":0},"b":{"0":[0],"1":[0,0],"2":[0,0],"3":[0,0],"4":[0,0]}}
,"/Users/benhemson-struthers/Documents/Code/QuRe/QuRe_v8/QuRe/components/design/GradientSelector.tsx": {"path":"/Users/benhemson-struthers/Documents/Code/QuRe/QuRe_v8/QuRe/components/design/GradientSelector.tsx","statementMap":{"0":{"start":{"line":24,"column":65},"end":{"line":105,"column":1}},"1":{"start":{"line":33,"column":18},"end":{"line":33,"column":42}},"2":{"start":{"line":34,"column":28},"end":{"line":36,"column":25}},"3":{"start":{"line":38,"column":2},"end":{"line":104,"column":4}},"4":{"start":{"line":73,"column":14},"end":{"line":90,"column":33}},"5":{"start":{"line":80,"column":18},"end":{"line":80,"column":51}},"6":{"start":{"line":81,"column":18},"end":{"line":81,"column":47}},"7":{"start":{"line":107,"column":15},"end":{"line":174,"column":2}}},"fnMap":{"0":{"name":"(anonymous_0)","decl":{"start":{"line":24,"column":65},"end":{"line":24,"column":66}},"loc":{"start":{"line":32,"column":6},"end":{"line":105,"column":1}},"line":32},"1":{"name":"(anonymous_1)","decl":{"start":{"line":72,"column":35},"end":{"line":72,"column":36}},"loc":{"start":{"line":73,"column":14},"end":{"line":90,"column":33}},"line":73},"2":{"name":"(anonymous_2)","decl":{"start":{"line":79,"column":25},"end":{"line":79,"column":26}},"loc":{"start":{"line":79,"column":31},"end":{"line":82,"column":17}},"line":79}},"branchMap":{"0":{"loc":{"start":{"line":31,"column":2},"end":{"line":31,"column":33}},"type":"default-arg","locations":[{"start":{"line":31,"column":28},"end":{"line":31,"column":33}}],"line":31},"1":{"loc":{"start":{"line":34,"column":28},"end":{"line":36,"column":25}},"type":"cond-expr","locations":[{"start":{"line":35,"column":6},"end":{"line":35,"column":13}},{"start":{"line":36,"column":6},"end":{"line":36,"column":25}}],"line":34},"2":{"loc":{"start":{"line":51,"column":7},"end":{"line":102,"column":7}},"type":"binary-expr","locations":[{"start":{"line":51,"column":7},"end":{"line":51,"column":14}},{"start":{"line":52,"column":8},"end":{"line":101,"column":15}}],"line":51},"3":{"loc":{"start":{"line":77,"column":18},"end":{"line":77,"column":97}},"type":"binary-expr","locations":[{"start":{"line":77,"column":18},"end":{"line":77,"column":45}},{"start":{"line":77,"column":49},"end":{"line":77,"column":72}},{"start":{"line":77,"column":76},"end":{"line":77,"column":97}}],"line":77},"4":{"loc":{"start":{"line":94,"column":11},"end":{"line":100,"column":11}},"type":"binary-expr","locations":[{"start":{"line":94,"column":11},"end":{"line":94,"column":35}},{"start":{"line":95,"column":12},"end":{"line":99,"column":19}}],"line":94}},"s":{"0":0,"1":0,"2":0,"3":0,"4":0,"5":0,"6":0,"7":0},"f":{"0":0,"1":0,"2":0},"b":{"0":[0],"1":[0,0],"2":[0,0],"3":[0,0,0],"4":[0,0]}}
,"/Users/benhemson-struthers/Documents/Code/QuRe/QuRe_v8/QuRe/components/design/index.ts": {"path":"/Users/benhemson-struthers/Documents/Code/QuRe/QuRe_v8/QuRe/components/design/index.ts","statementMap":{},"fnMap":{},"branchMap":{},"s":{},"f":{},"b":{}}
,"/Users/benhemson-struthers/Documents/Code/QuRe/QuRe_v8/QuRe/components/qr-types/EmailQR.tsx": {"path":"/Users/benhemson-struthers/Documents/Code/QuRe/QuRe_v8/QuRe/components/qr-types/EmailQR.tsx","statementMap":{"0":{"start":{"line":17,"column":47},"end":{"line":152,"column":1}},"1":{"start":{"line":22,"column":28},"end":{"line":22,"column":62}},"2":{"start":{"line":23,"column":32},"end":{"line":23,"column":68}},"3":{"start":{"line":24,"column":26},"end":{"line":24,"column":59}},"4":{"start":{"line":25,"column":28},"end":{"line":25,"column":62}},"5":{"start":{"line":26,"column":30},"end":{"line":31,"column":8}},"6":{"start":{"line":33,"column":2},"end":{"line":37,"column":14}},"7":{"start":{"line":34,"column":4},"end":{"line":36,"column":5}},"8":{"start":{"line":35,"column":6},"end":{"line":35,"column":22}},"9":{"start":{"line":39,"column":19},"end":{"line":55,"column":3}},"10":{"start":{"line":45,"column":8},"end":{"line":45,"column":10}},"11":{"start":{"line":47,"column":4},"end":{"line":51,"column":5}},"12":{"start":{"line":48,"column":6},"end":{"line":48,"column":52}},"13":{"start":{"line":49,"column":11},"end":{"line":51,"column":5}},"14":{"start":{"line":50,"column":6},"end":{"line":50,"column":61}},"15":{"start":{"line":53,"column":4},"end":{"line":53,"column":25}},"16":{"start":{"line":54,"column":4},"end":{"line":54,"column":47}},"17":{"start":{"line":57,"column":21},"end":{"line":79,"column":3}},"18":{"start":{"line":58,"column":4},"end":{"line":60,"column":5}},"19":{"start":{"line":59,"column":6},"end":{"line":59,"column":13}},"20":{"start":{"line":62,"column":39},"end":{"line":67,"column":5}},"21":{"start":{"line":69,"column":24},"end":{"line":76,"column":35}},"22":{"start":{"line":78,"column":4},"end":{"line":78,"column":24}},"23":{"start":{"line":81,"column":2},"end":{"line":151,"column":4}},"24":{"start":{"line":154,"column":15},"end":{"line":172,"column":2}}},"fnMap":{"0":{"name":"(anonymous_0)","decl":{"start":{"line":17,"column":47},"end":{"line":17,"column":48}},"loc":{"start":{"line":21,"column":6},"end":{"line":152,"column":1}},"line":21},"1":{"name":"(anonymous_1)","decl":{"start":{"line":33,"column":12},"end":{"line":33,"column":13}},"loc":{"start":{"line":33,"column":18},"end":{"line":37,"column":3}},"line":33},"2":{"name":"(anonymous_2)","decl":{"start":{"line":39,"column":19},"end":{"line":39,"column":20}},"loc":{"start":{"line":39,"column":34},"end":{"line":55,"column":3}},"line":39},"3":{"name":"(anonymous_3)","decl":{"start":{"line":57,"column":21},"end":{"line":57,"column":22}},"loc":{"start":{"line":57,"column":27},"end":{"line":79,"column":3}},"line":57}},"branchMap":{"0":{"loc":{"start":{"line":22,"column":37},"end":{"line":22,"column":61}},"type":"binary-expr","locations":[{"start":{"line":22,"column":37},"end":{"line":22,"column":55}},{"start":{"line":22,"column":59},"end":{"line":22,"column":61}}],"line":22},"1":{"loc":{"start":{"line":23,"column":41},"end":{"line":23,"column":67}},"type":"binary-expr","locations":[{"start":{"line":23,"column":41},"end":{"line":23,"column":61}},{"start":{"line":23,"column":65},"end":{
[...]
:{"line":41,"column":33}}},"fnMap":{"0":{"name":"(anonymous_0)","decl":{"start":{"line":1,"column":26},"end":{"line":1,"column":27}},"loc":{"start":{"line":1,"column":57},"end":{"line":8,"column":3}},"line":1},"1":{"name":"(anonymous_1)","decl":{"start":{"line":10,"column":28},"end":{"line":10,"column":29}},"loc":{"start":{"line":10,"column":59},"end":{"line":16,"column":3}},"line":10},"2":{"name":"(anonymous_2)","decl":{"start":{"line":18,"column":36},"end":{"line":18,"column":37}},"loc":{"start":{"line":18,"column":67},"end":{"line":42,"column":3}},"line":18}},"branchMap":{"0":{"loc":{"start":{"line":22,"column":4},"end":{"line":24,"column":5}},"type":"if","locations":[{"start":{"line":22,"column":4},"end":{"line":24,"column":5}},{"start":{},"end":{}}],"line":22},"1":{"loc":{"start":{"line":27,"column":4},"end":{"line":29,"column":5}},"type":"if","locations":[{"start":{"line":27,"column":4},"end":{"line":29,"column":5}},{"start":{},"end":{}}],"line":27},"2":{"loc":{"start":{"line":28,"column":39},"end":{"line":28,"column":69}},"type":"cond-expr","locations":[{"start":{"line":28,"column":61},"end":{"line":28,"column":63}},{"start":{"line":28,"column":66},"end":{"line":28,"column":69}}],"line":28},"3":{"loc":{"start":{"line":32,"column":4},"end":{"line":34,"column":5}},"type":"if","locations":[{"start":{"line":32,"column":4},"end":{"line":34,"column":5}},{"start":{},"end":{}}],"line":32},"4":{"loc":{"start":{"line":33,"column":35},"end":{"line":33,"column":63}},"type":"cond-expr","locations":[{"start":{"line":33,"column":55},"end":{"line":33,"column":57}},{"start":{"line":33,"column":60},"end":{"line":33,"column":63}}],"line":33},"5":{"loc":{"start":{"line":37,"column":4},"end":{"line":39,"column":5}},"type":"if","locations":[{"start":{"line":37,"column":4},"end":{"line":39,"column":5}},{"start":{},"end":{}}],"line":37},"6":{"loc":{"start":{"line":38,"column":33},"end":{"line":38,"column":60}},"type":"cond-expr","locations":[{"start":{"line":38,"column":52},"end":{"line":38,"column":54}},{"start":{"line":38,"column":57},"end":{"line":38,"column":60}}],"line":38}},"s":{"0":0,"1":0,"2":0,"3":0,"4":0,"5":0,"6":0,"7":0,"8":0,"9":0,"10":0,"11":0,"12":0,"13":0,"14":0,"15":0,"16":0,"17":0,"18":0,"19":0,"20":0},"f":{"0":0,"1":0,"2":0},"b":{"0":[0,0],"1":[0,0],"2":[0,0],"3":[0,0],"4":[0,0],"5":[0,0],"6":[0,0]}}
,"/Users/benhemson-struthers/Documents/Code/QuRe/QuRe_v8/QuRe/utils/formatters.ts": {"path":"/Users/benhemson-struthers/Documents/Code/QuRe/QuRe_v8/QuRe/utils/formatters.ts","statementMap":{"0":{"start":{"line":4,"column":27},"end":{"line":7,"column":1}},"1":{"start":{"line":5,"column":24},"end":{"line":5,"column":54}},"2":{"start":{"line":6,"column":2},"end":{"line":6,"column":43}},"3":{"start":{"line":9,"column":30},"end":{"line":18,"column":1}},"4":{"start":{"line":10,"column":15},"end":{"line":10,"column":34}},"5":{"start":{"line":11,"column":2},"end":{"line":17,"column":5}},"6":{"start":{"line":20,"column":35},"end":{"line":39,"column":1}},"7":{"start":{"line":21,"column":2},"end":{"line":38,"column":3}},"8":{"start":{"line":23,"column":6},"end":{"line":23,"column":62}},"9":{"start":{"line":25,"column":6},"end":{"line":25,"column":42}},"10":{"start":{"line":27,"column":6},"end":{"line":27,"column":81}},"11":{"start":{"line":29,"column":6},"end":{"line":29,"column":81}},"12":{"start":{"line":31,"column":6},"end":{"line":31,"column":70}},"13":{"start":{"line":33,"column":6},"end":{"line":33,"column":81}},"14":{"start":{"line":35,"column":6},"end":{"line":35,"column":105}},"15":{"start":{"line":37,"column":6},"end":{"line":37,"column":23}}},"fnMap":{"0":{"name":"(anonymous_0)","decl":{"start":{"line":4,"column":27},"end":{"line":4,"column":28}},"loc":{"start":{"line":4,"column":81},"end":{"line":7,"column":1}},"line":4},"1":{"name":"(anonymous_1)","decl":{"start":{"line":9,"column":30},"end":{"line":9,"column":31}},"loc":{"start":{"line":9,"column":61},"end":{"line":18,"column":1}},"line":9},"2":{"name":"(anonymous_2)","decl":{"start":{"line":20,"column":35},"end":{"line":20,"column":36}},"loc":{"start":{"line":20,"column":63},"end":{"line":39,"column":1}},"line":20}},"branchMap":{"0":{"loc":{"start":{"line":21,"column":2},"end":{"line":38,"column":3}},"type":"switch","locations":[{"start":{"line":22,"column":4},"end":{"line":23,"column":62}},{"start":{"line":24,"column":4},"end":{"line":25,"column":42}},{"start":{"line":26,"column":4},"end":{"line":27,"column":81}},{"start":{"line":28,"column":4},"end":{"line":29,"column":81}},{"start":{"line":30,"column":4},"end":{"line":31,"column":70}},{"start":{"line":32,"column":4},"end":{"line":33,"column":81}},{"start":{"line":34,"column":4},"end":{"line":35,"column":105}},{"start":{"line":36,"column":4},"end":{"line":37,"column":23}}],"line":21},"1":{"loc":{"start":{"line":23,"column":13},"end":{"line":23,"column":61}},"type":"binary-expr","locations":[{"start":{"line":23,"column":13},"end":{"line":23,"column":25}},{"start":{"line":23,"column":29},"end":{"line":23,"column":61}}],"line":23},"2":{"loc":{"start":{"line":25,"column":13},"end":{"line":25,"column":41}},"type":"binary-expr","locations":[{"start":{"line":25,"column":13},"end":{"line":25,"column":25}},{"start":{"line":25,"column":29},"end":{"line":25,"column":41}}],"line":25},"3":{"loc":{"start":{"line":27,"column":13},"end":{"line":27,"column":80}},"type":"binary-expr","locations":[{"start":{"line":27,"column":13},"end":{"line":27,"column":25}},{"start":{"line":27,"column":29},"end":{"line":27,"column":80}}],"line":27},"4":{"loc":{"start":{"line":29,"column":13},"end":{"line":29,"column":80}},"type":"binary-expr","locations":[{"start":{"line":29,"column":13},"end":{"line":29,"column":25}},{"start":{"line":29,"column":29},"end":{"line":29,"column":80}}],"line":29},"5":{"loc":{"start":{"line":31,"column":13},"end":{"line":31,"column":69}},"type":"binary-expr","locations":[{"start":{"line":31,"column":13},"end":{"line":31,"column":25}},{"start":{"line":31,"column":29},"end":{"line":31,"column":69}}],"line":31},"6":{"loc":{"start":{"line":33,"column":13},"end":{"line":33,"column":80}},"type":"binary-expr","locations":[{"start":{"line":33,"column":13},"end":{"line":33,"column":25}},{"start":{"line":33,"column":29},"end":{"line":33,"column":80}}],"line":33},"7":{"loc":{"start":{"line":35,"column":13},"end":{"line":35,"column":104}},"type":"binary-expr","locations":[{"start":{"line":35,"column":13},"end":{"line":35,"column":25}},{"start":{"line":35,"column":29},"end":{"line":35,"column":104}}],"line":35},"8":{"loc":{"start":{"line":35,"column":64},"end":{"line":35,"column":103}},"type":"cond-expr","locations":[{"start":{"line":35,"column":93},"end":{"line":35,"column":98}},{"start":{"line":35,"column":101},"end":{"line":35,"column":103}}],"line":35}},"s":{"0":1,"1":5,"2":5,"3":1,"4":0,"5":0,"6":1,"7":0,"8":0,"9":0,"10":0,"11":0,"12":0,"13":0,"14":0,"15":0},"f":{"0":5,"1":0,"2":0},"b":{"0":[0,0,0,0,0,0,0,0],"1":[0,0],"2":[0,0],"3":[0,0],"4":[0,0],"5":[0,0],"6":[0,0],"7":[0,0],"8":[0,0]},"_coverageSchema":"1a1c01bbd47fc00a2c39e90264f33305004495a9","hash":"dfe7d615fbf9ceb617e26a65c288bd6fdca1cb8a"}
,"/Users/benhemson-struthers/Documents/Code/QuRe/QuRe_v8/QuRe/utils/qrUtils.ts": {"path":"/Users/benhemson-struthers/Documents/Code/QuRe/QuRe_v8/QuRe/utils/qrUtils.ts","statementMap":{"0":{"start":{"line":5,"column":42},"end":{"line":15,"column":1}},"1":{"start":{"line":6,"column":2},"end":{"line":14,"column":4}},"2":{"start":{"line":17,"column":35},"end":{"line":25,"column":1}},"3":{"start":{"line":18,"column":2},"end":{"line":24,"column":4}},"4":{"start":{"line":27,"column":32},"end":{"line":29,"column":1}},"5":{"start":{"line":28,"column":2},"end":{"line":28,"column":75}},"6":{"start":{"line":31,"column":31},"end":{"line":110,"column":1}},"7":{"start":{"line":32,"column":2},"end":{"line":109,"column":3}},"8":{"start":{"line":34,"column":6},"end":{"line":34,"column":24}},"9":{"start":{"line":36,"column":22},"end":{"line":36,"column":46}},"10":{"start":{"line":37,"column":6},"end":{"line":39,"column":7}},"11":{"start":{"line":38,"column":8},"end":{"line":38,"column":70}},"12":{"start":{"line":40,"column":6},"end":{"line":42,"column":7}},"13":{"start":{"line":41,"column":8},"end":{"line":41,"column":92}},"14":{"start":{"line":43,"column":6},"end":{"line":43,"column":23}},"15":{"start":{"line":46,"column":6},"end":{"line":46,"column":62}},"16":{"start":{"line":48,"column":19},"end":{"line":48,"column":67}},"17":{"start":{"line":49,"column":6},"end":{"line":51,"column":7}},"18":{"start":{"line":50,"column":8},"end":{"line":50,"column":64}},"19":{"start":{"line":52,"column":6},"end":{"line":52,"column":20}},"20":{"start":{"line":55,"column":18},"end":{"line":55,"column":46}},"21":{"start":{"line":56,"column":6},"end":{"line":56,"column":63}},"22":{"start":{"line":57,"column":6},"end":{"line":57,"column":61}},"23":{"start":{"line":59,"column":6},"end":{"line":61,"column":7}},"24":{"start":{"line":60,"column":8},"end":{"line":60,"column":63}},"25":{"start":{"line":63,"column":6},"end":{"line":65,"column":7}},"26":{"start":{"line":64,"column":8},"end":{"line":64,"column":64}},"27":{"start":{"line":67,"column":6},"end":{"line":69,"column":7}},"28":{"start":{"line":68,"column":8},"end":{"line":68,"column":57}},"29":{"start":{"line":71,"column":6},"end":{"line":73,"column":7}},"30":{"start":{"line":72,"column":8},"end":{"line":72,"column":43}},"31":{"start":{"line":75,"column":6},"end":{"line":77,"column":7}},"32":{"start":{"line":76,"column":8},"end":{"line":76,"column":43}},"33":{"start":{"line":79,"column":6},"end":{"line":81,"column":7}},"34":{"start":{"line":80,"column":8},"end":{"line":80,"column":46}},"35":{"start":{"line":83,"column":6},"end":{"line":85,"column":7}},"36":{"start":{"line":84,"column":8},"end":{"line":84,"column":48}},"37":{"start":{"line":87,"column":6},"end":{"line":93,"column":7}},"38":{"start":{"line":88,"column":8},"end":{"line":88,"column":59}},"39":{"start":{"line":89,"column":8},"end":{"line":89,"column":41}},"40":{"start":{"line":90,"column":8},"end":{"line":90,"column":21}},"41":{"start":{"line":91,"column":8},"end":{"line":91,"column":45}},"42":{"start":{"line":92,"column":8},"end":{"line":92,"column":46}},"43":{"start":{"line":95,"column":6},"end":{"line":95,"column":27}},"44":{"start":{"line":96,"column":6},"end":{"line":96,"column":19}},"45":{"start":{"line":99,"column":24},"end":{"line":99,"column":82}},"46":{"start":{"line":100,"column":6},"end":{"line":102,"column":7}},"47":{"start":{"line":101,"column":8},"end":{"line":101,"column":69}},"48":{"start":{"line":103,"column":6},"end":{"line":103,"column":25}},"49":{"start":{"line":106,"column":6},"end":{"line":106,"column":28}},"50":{"start":{"line":108,"column":6},"end":{"line":108,"column":16}}},"fnMap":{"0":{"name":"(anonymous_0)","decl":{"start":{"line":5,"column":42},"end":{"line":5,"column":43}},"loc":{"start":{"line":5,"column":65},"end":{"line":15,"column":1}},"line":5},"1":{"name":"(anonymous_1)","decl":{"start":{"line":17,"column":35},"end":{"line":17,"column":36}},"loc":{"start":{"line":17,"column":74},"end":{"line":25,"column":1}},"line":17},"2":{"name":"(anonymous_2)","decl":{"start":{"line":27,"column":32},"end":{"line":27,"column":33}},"loc":{"start":{"line":27,"column":46},"end":{"line":29,"column":1}},"line":27},"3":{"name":"(anonymous_3)","decl":{"start":{"line":31,"column":31},"end":{"line":31,"column":32}},"loc":{"start":{"line":31,"column":59},"end":{"line":110,"column":1}},"line":31}},"branchMap":{"0":{"loc":{"start":{"line":32,"column":2},"end":{"line":109,"column":3}},"type":"switch","locations":[{"start":{"line":33,"column":4},"end":{"line":34,"column":24}},{"start":{"line":35,"column":4},"end":{"line":44,"column":5}},{"start":{"line":45,"column":4},"end":{"line":46,"column":62}},{"start":{"line":47,"column":4},"end":{"line":53,"column":5}},{"start":{"line":54,"column":4},"end":{"line":97,"column":5}},{"start":{"line":98,"column":4},"end":{"line":104,"column":5}},{"start":{"line":105,"column":4},"end":{"line":106,"column":28}},{"start":{"line":107,"column":4},"end":{"line":108,"column":16}}],"line":32},"1":{"loc":{"start":{"line":37,"column":6},"end":{"line":39,"column":7}},"type":"if","locations":[{"start":{"line":37,"column":6},"end":{"line":39,"column":7}},{"start":{},"end":{}}],"line":37},"2":{"loc":{"start":{"line":40,"column":6},"end":{"line":42,"column":7}},"type":"if","locations":[{"start":{"line":40,"column":6},"end":{"line":42,"column":7}},{"start":{},"end":{}}],"line":40},"3":{"loc":{"start":{"line":41,"column":24},"end":{"line":41,"column":50}},"type":"cond-expr","locations":[{"start":{"line":41,"column":41},"end":{"line":41,"column":44}},{"start":{"line":41,"column":47},"end":{"line":41,"column":50}}],"line":41},"4":{"loc":{"start":{"line":49,"column":6},"end":{"line":51,"column":7}},"type":"if","locations":[{"start":{"line":49,"column":6},"end":{"line":51,"column":7}},{"start":{},"end":{}}],"line":49},"5":{"loc":{"start":{"line":59,"column":6},"end":{"line":61,"column":7}},"type":"if","locations":[{"start":{"line":59,"column":6},"end":{"line":61,"column":7}},{"start":{},"end":{}}],"line":59},"6":{"loc":{"start":{"line":63,"column":6},"end":{"line":65,"column":7}},"type":"if","locations":[{"start":{"line":63,"column":6},"end":{"line":65,"column":7}},{"start":{},"end":{}}],"line":63},"7":{"loc":{"start":{"line":67,"column":6},"end":{"line":69,"column":7}},"type":"if","locations":[{"start":{"line":67,"column":6},"end":{"line":69,"column":7}},{"start":{},"end":{}}],"line":67},"8":{"loc":{"start":{"line":71,"column":6},"end":{"line":73,"column":7}},"type":"if","locations":[{"start":{"line":71,"column":6},"end":{"line":73,"column":7}},{"start":{},"end":{}}],"line":71},"9":{"loc":{"start":{"line":75,"column":6},"end":{"line":77,"column":7}},"type":"if","locations":[{"start":{"line":75,"column":6},"end":{"line":77,"column":7}},{"start":{},"end":{}}],"line":75},"10":{"loc":{"start":{"line":79,"column":6},"end":{"line":81,"column":7}},"type":"if","locations":[{"start":{"line":79,"column":6},"end":{"line":81,"column":7}},{"start":{},"end":{}}],"line":79},"11":{"loc":{"start":{"line":83,"column":6},"end":{"line":85,"column":7}},"type":"if","locations":[{"start":{"line":83,"column":6},"end":{"line":85,"column":7}},{"start":{},"end":{}}],"line":83},"12":{"loc":{"start":{"line":87,"column":6},"end":{"line":93,"column":7}},"type":"if","locations":[{"start":{"line":87,"column":6},"end":{"line":93,"column":7}},{"start":{},"end":{}}],"line":87},"13":{"loc":{"start":{"line":87,"column":10},"end":{"line":87,"column":76}},"type":"binary-expr","locations":[{"start":{"line":87,"column":10},"end":{"line":87,"column":24}},{"start":{"line":87,"column":28},"end":{"line":87,"column":39}},{"start":{"line":87,"column":43},"end":{"line":87,"column":58}},{"start":{"line":87,"column":62},"end":{"line":87,"column":76}}],"line":87},"14":{"loc":{"start":{"line":88,"column":36},"end":{"line":88,"column":56}},"type":"binary-expr","locations":[{"start":{"line":88,"column":36},"end":{"line":88,"column":50}},{"start":{"line":88,"column":54},"end":{"line":88,"column":56}}],"line":88},"15":{"loc":{"start":{"line":89,"column":21},"end":{"line":89,"column":38}},"type":"binary-expr","locations":[{"start":{"line":89,"column":21},"end":{"line":89,"column":32}},{"start":{"line":89,"column":36},"end":{"line":89,"column":38}}],"line":89},"16":{"loc":{"start":{"line":91,"column":21},"end":{"line":91,"column":42}},"type":"binary-expr","locations":[{"start":{"line":91,"column":21},"end":{"line":91,"column":36}},{"start":{"line":91,"column":40},"end":{"line":91,"column":42}}],"line":91},"17":{"loc":{"start":{"line":92,"column":21},"end":{"line":92,"column":41}},"type":"binary-expr","locations":[{"start":{"line":92,"column":21},"end":{"line":92,"column":35}},{"start":{"line":92,"column":39},"end":{"line":92,"column":41}}],"line":92},"18":{"loc":{"start":{"line":100,"column":6},"end":{"line":102,"column":7}},"type":"if","locations":[{"start":{"line":100,"column":6},"end":{"line":102,"column":7}},{"start":{},"end":{}}],"line":100}},"s":{"0":1,"1":1,"2":1,"3":1,"4":1,"5":2,"6":1,"7":0,"8":0,"9":0,"10":0,"11":0,"12":0,"13":0,"14":0,"15":0,"16":0,"17":0,"18":0,"19":0,"20":0,"21":0,"22":0,"23":0,"24":0,"25":0,"26":0,"27":0,"28":0,"29":0,"30":0,"31":0,"32":0,"33":0,"34":0,"35":0,"36":0,"37":0,"38":0,"39":0,"40":0,"41":0,"42":0,"43":0,"44":0,"45":0,"46":0,"47":0,"48":0,"49":0,"50":0},"f":{"0":1,"1":1,"2":2,"3":0},"b":{"0":[0,0,0,0,0,0,0,0],"1":[0,0],"2":[0,0],"3":[0,0],"4":[0,0],"5":[0,0],"6":[0,0],"7":[0,0],"8":[0,0],"9":[0,0],"10":[0,0],"11":[0,0],"12":[0,0],"13":[0,0,0,0],"14":[0,0],"15":[0,0],"16":[0,0],"17":[0,0],"18":[0,0]},"_coverageSchema":"1a1c01bbd47fc00a2c39e90264f33305004495a9","hash":"6f045f696b6f4185a73cf590af5bf2c771e7e54b"}
,"/Users/benhemson-struthers/Documents/Code/QuRe/QuRe_v8/QuRe/utils/validators.ts": {"path":"/Users/benhemson-struthers/Documents/Code/QuRe/QuRe_v8/QuRe/utils/validators.ts","statementMap":{"0":{"start":{"line":1,"column":26},"end":{"line":8,"column":3}},"1":{"start":{"line":2,"column":4},"end":{"line":7,"column":5}},"2":{"start":{"line":3,"column":6},"end":{"line":3,"column":19}},"3":{"start":{"line":4,"column":6},"end":{"line":4,"column":18}},"4":{"start":{"line":6,"column":6},"end":{"line":6,"column":19}},"5":{"start":{"line":10,"column":29},"end":{"line":15,"column":3}},"6":{"start":{"line":11,"column":4},"end":{"line":13,"column":5}},"7":{"start":{"line":12,"column":6},"end":{"line":12,"column":30}},"8":{"start":{"line":14,"column":4},"end":{"line":14,"column":15}},"9":{"start":{"line":17,"column":30},"end":{"line":20,"column":3}},"10":{"start":{"line":18,"column":23},"end":{"line":18,"column":51}},"11":{"start":{"line":19,"column":4},"end":{"line":19,"column":34}},"12":{"start":{"line":22,"column":30},"end":{"line":25,"column":3}},"13":{"start":{"line":23,"column":23},"end":{"line":23,"column":41}},"14":{"start":{"line":24,"column":4},"end":{"line":24,"column":34}},"15":{"start":{"line":27,"column":38},"end":{"line":34,"column":3}},"16":{"start":{"line":28,"column":4},"end":{"line":33,"column":5}},"17":{"start":{"line":29,"column":24},"end":{"line":29,"column":49}},"18":{"start":{"line":30,"column":6},"end":{"line":30,"column":54}},"19":{"start":{"line":32,"column":6},"end":{"line":32,"column":17}}},"fnMap":{"0":{"name":"(anonymous_0)","decl":{"start":{"line":1,"column":26},"end":{"line":1,"column":27}},"loc":{"start":{"line":1,"column":52},"end":{"line":8,"column":3}},"line":1},"1":{"name":"(anonymous_1)","decl":{"start":{"line":10,"column":29},"end":{"line":10,"column":30}},"loc":{"start":{"line":10,"column":54},"end":{"line":15,"column":3}},"line":10},"2":{"name":"(anonymous_2)","decl":{"start":{"line":17,"column":30},"end":{"line":17,"column":31}},"loc":{"start":{"line":17,"column":58},"end":{"line":20,"column":3}},"line":17},"3":{"name":"(anonymous_3)","decl":{"start":{"line":22,"column":30},"end":{"line":22,"column":31}},"loc":{"start":{"line":22,"column":58},"end":{"line":25,"column":3}},"line":22},"4":{"name":"(anonymous_4)","decl":{"start":{"line":27,"column":38},"end":{"line":27,"column":39}},"loc":{"start":{"line":27,"column":63},"end":{"line":34,"column":3}},"line":27}},"branchMap":{"0":{"loc":{"start":{"line":11,"column":4},"end":{"line":13,"column":5}},"type":"if","locations":[{"start":{"line":11,"column":4},"end":{"line":13,"column":5}},{"start":{},"end":{}}],"line":11},"1":{"loc":{"start":{"line":11,"column":8},"end":{"line":11,"column":65}},"type":"binary-expr","locations":[{"start":{"line":11,"column":8},"end":{"line":11,"column":34}},{"start":{"line":11,"column":38},"end":{"line":11,"column":65}}],"line":11}},"s":{"0":2,"1":0,"2":0,"3":0,"4":0,"5":2,"6":0,"7":0,"8":0,"9":2,"10":0,"11":0,"12":2,"13":4,"14":4,"15":2,"16":0,"17":0,"18":0,"19":0},"f":{"0":0,"1":0,"2":0,"3":4,"4":0},"b":{"0":[0,0],"1":[0,0]},"_coverageSchema":"1a1c01bbd47fc00a2c39e90264f33305004495a9","hash":"0e92c938ac972fff257909bb6f29d9c96af469df"}
}
